<?xml version="1.0" encoding="UTF-8"?>
<testsuite name="hk.ust.comp3021.actions.ConcurrentQueryTest" tests="2" skipped="0" failures="0" errors="0" timestamp="2023-05-12T07:41:59" hostname="KadeMacBook-Air-6.local" time="0.113">
  <properties/>
  <testcase name="QueryProcessing_ActionSize()" classname="hk.ust.comp3021.actions.ConcurrentQueryTest" time="0.074"/>
  <testcase name="QueryProcessing_CheckResult()" classname="hk.ust.comp3021.actions.ConcurrentQueryTest" time="0.039"/>
  <system-out><![CDATA[]]></system-out>
  <system-err><![CDATA[Exception in thread "Thread-35" java.lang.NullPointerException: Cannot invoke "hk.ust.comp3021.utils.Query$QueryType.ordinal()" because the return value of "hk.ust.comp3021.utils.Query.getType()" is null
	at hk.ust.comp3021.MiniMendeleyEngine.processQuery(MiniMendeleyEngine.java:660)
	at hk.ust.comp3021.MiniMendeleyEngine.lambda$processConcurrentQuery$14(MiniMendeleyEngine.java:648)
	at java.base/java.lang.Thread.run(Thread.java:833)
Exception in thread "Thread-43" java.lang.NullPointerException: Cannot invoke "hk.ust.comp3021.utils.Query$QueryType.ordinal()" because the return value of "hk.ust.comp3021.utils.Query.getType()" is null
	at hk.ust.comp3021.MiniMendeleyEngine.processQuery(MiniMendeleyEngine.java:660)
	at hk.ust.comp3021.MiniMendeleyEngine.lambda$processConcurrentQuery$14(MiniMendeleyEngine.java:648)
	at java.base/java.lang.Thread.run(Thread.java:833)
Exception in thread "Thread-46" java.lang.NullPointerException: Cannot invoke "hk.ust.comp3021.utils.Query$QueryType.ordinal()" because the return value of "hk.ust.comp3021.utils.Query.getType()" is null
	at hk.ust.comp3021.MiniMendeleyEngine.processQuery(MiniMendeleyEngine.java:660)
	at hk.ust.comp3021.MiniMendeleyEngine.lambda$processConcurrentQuery$14(MiniMendeleyEngine.java:648)
	at java.base/java.lang.Thread.run(Thread.java:833)
Exception in thread "Thread-41" java.lang.NullPointerException: Cannot invoke "hk.ust.comp3021.utils.Query$QueryType.ordinal()" because the return value of "hk.ust.comp3021.utils.Query.getType()" is null
	at hk.ust.comp3021.MiniMendeleyEngine.processQuery(MiniMendeleyEngine.java:660)
	at hk.ust.comp3021.MiniMendeleyEngine.lambda$processConcurrentQuery$14(MiniMendeleyEngine.java:648)
	at java.base/java.lang.Thread.run(Thread.java:833)
Exception in thread "Thread-42" java.lang.NullPointerException: Cannot invoke "hk.ust.comp3021.utils.Query$QueryType.ordinal()" because the return value of "hk.ust.comp3021.utils.Query.getType()" is null
	at hk.ust.comp3021.MiniMendeleyEngine.processQuery(MiniMendeleyEngine.java:660)
	at hk.ust.comp3021.MiniMendeleyEngine.lambda$processConcurrentQuery$14(MiniMendeleyEngine.java:648)
	at java.base/java.lang.Thread.run(Thread.java:833)
Exception in thread "Thread-5" java.lang.NullPointerException: Cannot invoke "hk.ust.comp3021.utils.Query$QueryType.ordinal()" because the return value of "hk.ust.comp3021.utils.Query.getType()" is null
	at hk.ust.comp3021.MiniMendeleyEngine.processQuery(MiniMendeleyEngine.java:660)
	at hk.ust.comp3021.MiniMendeleyEngine.lambda$processConcurrentQuery$14(MiniMendeleyEngine.java:648)
	at java.base/java.lang.Thread.run(Thread.java:833)
Exception in thread "Thread-6" java.lang.NullPointerException: Cannot invoke "hk.ust.comp3021.utils.Query$QueryType.ordinal()" because the return value of "hk.ust.comp3021.utils.Query.getType()" is null
	at hk.ust.comp3021.MiniMendeleyEngine.processQuery(MiniMendeleyEngine.java:660)
	at hk.ust.comp3021.MiniMendeleyEngine.lambda$processConcurrentQuery$14(MiniMendeleyEngine.java:648)
	at java.base/java.lang.Thread.run(Thread.java:833)
Exception in thread "Thread-60" java.lang.NullPointerException: Cannot invoke "hk.ust.comp3021.utils.Query$QueryType.ordinal()" because the return value of "hk.ust.comp3021.utils.Query.getType()" is null
	at hk.ust.comp3021.MiniMendeleyEngine.processQuery(MiniMendeleyEngine.java:660)
	at hk.ust.comp3021.MiniMendeleyEngine.lambda$processConcurrentQuery$14(MiniMendeleyEngine.java:648)
	at java.base/java.lang.Thread.run(Thread.java:833)
Exception in thread "Thread-40" java.lang.NullPointerException: Cannot invoke "hk.ust.comp3021.utils.Query$QueryType.ordinal()" because the return value of "hk.ust.comp3021.utils.Query.getType()" is null
	at hk.ust.comp3021.MiniMendeleyEngine.processQuery(MiniMendeleyEngine.java:660)
	at hk.ust.comp3021.MiniMendeleyEngine.lambda$processConcurrentQuery$14(MiniMendeleyEngine.java:648)
	at java.base/java.lang.Thread.run(Thread.java:833)
Exception in thread "Thread-4" java.lang.NullPointerException: Cannot invoke "hk.ust.comp3021.utils.Query$QueryType.ordinal()" because the return value of "hk.ust.comp3021.utils.Query.getType()" is null
	at hk.ust.comp3021.MiniMendeleyEngine.processQuery(MiniMendeleyEngine.java:660)
	at hk.ust.comp3021.MiniMendeleyEngine.lambda$processConcurrentQuery$14(MiniMendeleyEngine.java:648)
	at java.base/java.lang.Thread.run(Thread.java:833)
Exception in thread "Thread-64" java.lang.NullPointerException: Cannot invoke "hk.ust.comp3021.utils.Query$QueryType.ordinal()" because the return value of "hk.ust.comp3021.utils.Query.getType()" is null
	at hk.ust.comp3021.MiniMendeleyEngine.processQuery(MiniMendeleyEngine.java:660)
	at hk.ust.comp3021.MiniMendeleyEngine.lambda$processConcurrentQuery$14(MiniMendeleyEngine.java:648)
	at java.base/java.lang.Thread.run(Thread.java:833)
Exception in thread "Thread-68" java.lang.NullPointerException: Cannot invoke "hk.ust.comp3021.utils.Query$QueryType.ordinal()" because the return value of "hk.ust.comp3021.utils.Query.getType()" is null
	at hk.ust.comp3021.MiniMendeleyEngine.processQuery(MiniMendeleyEngine.java:660)
	at hk.ust.comp3021.MiniMendeleyEngine.lambda$processConcurrentQuery$14(MiniMendeleyEngine.java:648)
	at java.base/java.lang.Thread.run(Thread.java:833)
Exception in thread "Thread-7" java.lang.NullPointerException: Cannot invoke "hk.ust.comp3021.utils.Query$QueryType.ordinal()" because the return value of "hk.ust.comp3021.utils.Query.getType()" is null
	at hk.ust.comp3021.MiniMendeleyEngine.processQuery(MiniMendeleyEngine.java:660)
	at hk.ust.comp3021.MiniMendeleyEngine.lambda$processConcurrentQuery$14(MiniMendeleyEngine.java:648)
	at java.base/java.lang.Thread.run(Thread.java:833)
Exception in thread "Thread-70" java.lang.NullPointerException: Cannot invoke "hk.ust.comp3021.utils.Query$QueryType.ordinal()" because the return value of "hk.ust.comp3021.utils.Query.getType()" is null
	at hk.ust.comp3021.MiniMendeleyEngine.processQuery(MiniMendeleyEngine.java:660)
	at hk.ust.comp3021.MiniMendeleyEngine.lambda$processConcurrentQuery$14(MiniMendeleyEngine.java:648)
	at java.base/java.lang.Thread.run(Thread.java:833)
Exception in thread "Thread-9" java.lang.NullPointerException: Cannot invoke "hk.ust.comp3021.utils.Query$QueryType.ordinal()" because the return value of "hk.ust.comp3021.utils.Query.getType()" is null
	at hk.ust.comp3021.MiniMendeleyEngine.processQuery(MiniMendeleyEngine.java:660)
	at hk.ust.comp3021.MiniMendeleyEngine.lambda$processConcurrentQuery$14(MiniMendeleyEngine.java:648)
	at java.base/java.lang.Thread.run(Thread.java:833)
Exception in thread "Thread-8" java.lang.NullPointerException: Cannot invoke "hk.ust.comp3021.utils.Query$QueryType.ordinal()" because the return value of "hk.ust.comp3021.utils.Query.getType()" is null
	at hk.ust.comp3021.MiniMendeleyEngine.processQuery(MiniMendeleyEngine.java:660)
	at hk.ust.comp3021.MiniMendeleyEngine.lambda$processConcurrentQuery$14(MiniMendeleyEngine.java:648)
	at java.base/java.lang.Thread.run(Thread.java:833)
Exception in thread "Thread-15" java.lang.NullPointerException: Cannot invoke "hk.ust.comp3021.utils.Query$QueryType.ordinal()" because the return value of "hk.ust.comp3021.utils.Query.getType()" is null
	at hk.ust.comp3021.MiniMendeleyEngine.processQuery(MiniMendeleyEngine.java:660)
	at hk.ust.comp3021.MiniMendeleyEngine.lambda$processConcurrentQuery$14(MiniMendeleyEngine.java:648)
	at java.base/java.lang.Thread.run(Thread.java:833)
Exception in thread "Thread-74" java.lang.NullPointerException: Cannot invoke "hk.ust.comp3021.utils.Query$QueryType.ordinal()" because the return value of "hk.ust.comp3021.utils.Query.getType()" is null
	at hk.ust.comp3021.MiniMendeleyEngine.processQuery(MiniMendeleyEngine.java:660)
	at hk.ust.comp3021.MiniMendeleyEngine.lambda$processConcurrentQuery$14(MiniMendeleyEngine.java:648)
	at java.base/java.lang.Thread.run(Thread.java:833)
Exception in thread "Thread-22" java.lang.NullPointerException: Cannot invoke "hk.ust.comp3021.utils.Query$QueryType.ordinal()" because the return value of "hk.ust.comp3021.utils.Query.getType()" is null
	at hk.ust.comp3021.MiniMendeleyEngine.processQuery(MiniMendeleyEngine.java:660)
	at hk.ust.comp3021.MiniMendeleyEngine.lambda$processConcurrentQuery$14(MiniMendeleyEngine.java:648)
	at java.base/java.lang.Thread.run(Thread.java:833)
Exception in thread "Thread-79" java.lang.NullPointerException: Cannot invoke "hk.ust.comp3021.utils.Query$QueryType.ordinal()" because the return value of "hk.ust.comp3021.utils.Query.getType()" is null
	at hk.ust.comp3021.MiniMendeleyEngine.processQuery(MiniMendeleyEngine.java:660)
	at hk.ust.comp3021.MiniMendeleyEngine.lambda$processConcurrentQuery$14(MiniMendeleyEngine.java:648)
	at java.base/java.lang.Thread.run(Thread.java:833)
Exception in thread "Thread-18" java.lang.NullPointerException: Cannot invoke "hk.ust.comp3021.utils.Query$QueryType.ordinal()" because the return value of "hk.ust.comp3021.utils.Query.getType()" is null
	at hk.ust.comp3021.MiniMendeleyEngine.processQuery(MiniMendeleyEngine.java:660)
	at hk.ust.comp3021.MiniMendeleyEngine.lambda$processConcurrentQuery$14(MiniMendeleyEngine.java:648)
	at java.base/java.lang.Thread.run(Thread.java:833)
Exception in thread "Thread-36" java.lang.NullPointerException: Cannot invoke "hk.ust.comp3021.utils.Query$QueryType.ordinal()" because the return value of "hk.ust.comp3021.utils.Query.getType()" is null
	at hk.ust.comp3021.MiniMendeleyEngine.processQuery(MiniMendeleyEngine.java:660)
	at hk.ust.comp3021.MiniMendeleyEngine.lambda$processConcurrentQuery$14(MiniMendeleyEngine.java:648)
	at java.base/java.lang.Thread.run(Thread.java:833)
Exception in thread "Thread-27" java.lang.NullPointerException: Cannot invoke "hk.ust.comp3021.utils.Query$QueryType.ordinal()" because the return value of "hk.ust.comp3021.utils.Query.getType()" is null
	at hk.ust.comp3021.MiniMendeleyEngine.processQuery(MiniMendeleyEngine.java:660)
	at hk.ust.comp3021.MiniMendeleyEngine.lambda$processConcurrentQuery$14(MiniMendeleyEngine.java:648)
	at java.base/java.lang.Thread.run(Thread.java:833)
Exception in thread "Thread-90" java.lang.NullPointerException: Cannot invoke "hk.ust.comp3021.utils.Query$QueryType.ordinal()" because the return value of "hk.ust.comp3021.utils.Query.getType()" is null
	at hk.ust.comp3021.MiniMendeleyEngine.processQuery(MiniMendeleyEngine.java:660)
	at hk.ust.comp3021.MiniMendeleyEngine.lambda$processConcurrentQuery$14(MiniMendeleyEngine.java:648)
	at java.base/java.lang.Thread.run(Thread.java:833)
Exception in thread "Thread-3" java.lang.NullPointerException: Cannot invoke "hk.ust.comp3021.utils.Query$QueryType.ordinal()" because the return value of "hk.ust.comp3021.utils.Query.getType()" is null
	at hk.ust.comp3021.MiniMendeleyEngine.processQuery(MiniMendeleyEngine.java:660)
	at hk.ust.comp3021.MiniMendeleyEngine.lambda$processConcurrentQuery$14(MiniMendeleyEngine.java:648)
	at java.base/java.lang.Thread.run(Thread.java:833)
Exception in thread "Thread-39" java.lang.NullPointerException: Cannot invoke "hk.ust.comp3021.utils.Query$QueryType.ordinal()" because the return value of "hk.ust.comp3021.utils.Query.getType()" is null
	at hk.ust.comp3021.MiniMendeleyEngine.processQuery(MiniMendeleyEngine.java:660)
	at hk.ust.comp3021.MiniMendeleyEngine.lambda$processConcurrentQuery$14(MiniMendeleyEngine.java:648)
	at java.base/java.lang.Thread.run(Thread.java:833)
Exception in thread "Thread-10" java.lang.NullPointerException: Cannot invoke "hk.ust.comp3021.utils.Query$QueryType.ordinal()" because the return value of "hk.ust.comp3021.utils.Query.getType()" is null
	at hk.ust.comp3021.MiniMendeleyEngine.processQuery(MiniMendeleyEngine.java:660)
	at hk.ust.comp3021.MiniMendeleyEngine.lambda$processConcurrentQuery$14(MiniMendeleyEngine.java:648)
	at java.base/java.lang.Thread.run(Thread.java:833)
Exception in thread "Thread-24" java.lang.NullPointerException: Cannot invoke "hk.ust.comp3021.utils.Query$QueryType.ordinal()" because the return value of "hk.ust.comp3021.utils.Query.getType()" is null
	at hk.ust.comp3021.MiniMendeleyEngine.processQuery(MiniMendeleyEngine.java:660)
	at hk.ust.comp3021.MiniMendeleyEngine.lambda$processConcurrentQuery$14(MiniMendeleyEngine.java:648)
	at java.base/java.lang.Thread.run(Thread.java:833)
Exception in thread "Thread-21" java.lang.NullPointerException: Cannot invoke "hk.ust.comp3021.utils.Query$QueryType.ordinal()" because the return value of "hk.ust.comp3021.utils.Query.getType()" is null
	at hk.ust.comp3021.MiniMendeleyEngine.processQuery(MiniMendeleyEngine.java:660)
	at hk.ust.comp3021.MiniMendeleyEngine.lambda$processConcurrentQuery$14(MiniMendeleyEngine.java:648)
	at java.base/java.lang.Thread.run(Thread.java:833)
Exception in thread "Thread-23" java.lang.NullPointerException: Cannot invoke "hk.ust.comp3021.utils.Query$QueryType.ordinal()" because the return value of "hk.ust.comp3021.utils.Query.getType()" is null
	at hk.ust.comp3021.MiniMendeleyEngine.processQuery(MiniMendeleyEngine.java:660)
	at hk.ust.comp3021.MiniMendeleyEngine.lambda$processConcurrentQuery$14(MiniMendeleyEngine.java:648)
	at java.base/java.lang.Thread.run(Thread.java:833)
Exception in thread "Thread-13" java.lang.NullPointerException: Cannot invoke "hk.ust.comp3021.utils.Query$QueryType.ordinal()" because the return value of "hk.ust.comp3021.utils.Query.getType()" is null
	at hk.ust.comp3021.MiniMendeleyEngine.processQuery(MiniMendeleyEngine.java:660)
	at hk.ust.comp3021.MiniMendeleyEngine.lambda$processConcurrentQuery$14(MiniMendeleyEngine.java:648)
	at java.base/java.lang.Thread.run(Thread.java:833)
Exception in thread "Thread-108" java.lang.NullPointerException: Cannot invoke "hk.ust.comp3021.utils.Query$QueryType.ordinal()" because the return value of "hk.ust.comp3021.utils.Query.getType()" is null
	at hk.ust.comp3021.MiniMendeleyEngine.processQuery(MiniMendeleyEngine.java:660)
	at hk.ust.comp3021.MiniMendeleyEngine.lambda$processConcurrentQuery$14(MiniMendeleyEngine.java:648)
	at java.base/java.lang.Thread.run(Thread.java:833)
Exception in thread "Thread-34" java.lang.NullPointerException: Cannot invoke "hk.ust.comp3021.utils.Query$QueryType.ordinal()" because the return value of "hk.ust.comp3021.utils.Query.getType()" is null
	at hk.ust.comp3021.MiniMendeleyEngine.processQuery(MiniMendeleyEngine.java:660)
	at hk.ust.comp3021.MiniMendeleyEngine.lambda$processConcurrentQuery$14(MiniMendeleyEngine.java:648)
	at java.base/java.lang.Thread.run(Thread.java:833)
Exception in thread "Thread-38" java.lang.NullPointerException: Cannot invoke "hk.ust.comp3021.utils.Query$QueryType.ordinal()" because the return value of "hk.ust.comp3021.utils.Query.getType()" is null
	at hk.ust.comp3021.MiniMendeleyEngine.processQuery(MiniMendeleyEngine.java:660)
	at hk.ust.comp3021.MiniMendeleyEngine.lambda$processConcurrentQuery$14(MiniMendeleyEngine.java:648)
	at java.base/java.lang.Thread.run(Thread.java:833)
Exception in thread "Thread-110" java.lang.NullPointerException: Cannot invoke "hk.ust.comp3021.utils.Query$QueryType.ordinal()" because the return value of "hk.ust.comp3021.utils.Query.getType()" is null
	at hk.ust.comp3021.MiniMendeleyEngine.processQuery(MiniMendeleyEngine.java:660)
	at hk.ust.comp3021.MiniMendeleyEngine.lambda$processConcurrentQuery$14(MiniMendeleyEngine.java:648)
	at java.base/java.lang.Thread.run(Thread.java:833)
Exception in thread "Thread-30" java.lang.NullPointerException: Cannot invoke "hk.ust.comp3021.utils.Query$QueryType.ordinal()" because the return value of "hk.ust.comp3021.utils.Query.getType()" is null
	at hk.ust.comp3021.MiniMendeleyEngine.processQuery(MiniMendeleyEngine.java:660)
	at hk.ust.comp3021.MiniMendeleyEngine.lambda$processConcurrentQuery$14(MiniMendeleyEngine.java:648)
	at java.base/java.lang.Thread.run(Thread.java:833)
Exception in thread "Thread-33" java.lang.NullPointerException: Cannot invoke "hk.ust.comp3021.utils.Query$QueryType.ordinal()" because the return value of "hk.ust.comp3021.utils.Query.getType()" is null
	at hk.ust.comp3021.MiniMendeleyEngine.processQuery(MiniMendeleyEngine.java:660)
	at hk.ust.comp3021.MiniMendeleyEngine.lambda$processConcurrentQuery$14(MiniMendeleyEngine.java:648)
	at java.base/java.lang.Thread.run(Thread.java:833)
Exception in thread "Thread-37" java.lang.NullPointerException: Cannot invoke "hk.ust.comp3021.utils.Query$QueryType.ordinal()" because the return value of "hk.ust.comp3021.utils.Query.getType()" is null
	at hk.ust.comp3021.MiniMendeleyEngine.processQuery(MiniMendeleyEngine.java:660)
	at hk.ust.comp3021.MiniMendeleyEngine.lambda$processConcurrentQuery$14(MiniMendeleyEngine.java:648)
	at java.base/java.lang.Thread.run(Thread.java:833)
Exception in thread "Thread-17" java.lang.NullPointerException: Cannot invoke "hk.ust.comp3021.utils.Query$QueryType.ordinal()" because the return value of "hk.ust.comp3021.utils.Query.getType()" is null
	at hk.ust.comp3021.MiniMendeleyEngine.processQuery(MiniMendeleyEngine.java:660)
	at hk.ust.comp3021.MiniMendeleyEngine.lambda$processConcurrentQuery$14(MiniMendeleyEngine.java:648)
	at java.base/java.lang.Thread.run(Thread.java:833)
Exception in thread "Thread-26" java.lang.NullPointerException: Cannot invoke "hk.ust.comp3021.utils.Query$QueryType.ordinal()" because the return value of "hk.ust.comp3021.utils.Query.getType()" is null
	at hk.ust.comp3021.MiniMendeleyEngine.processQuery(MiniMendeleyEngine.java:660)
	at hk.ust.comp3021.MiniMendeleyEngine.lambda$processConcurrentQuery$14(MiniMendeleyEngine.java:648)
	at java.base/java.lang.Thread.run(Thread.java:833)
Exception in thread "Thread-16" java.lang.NullPointerException: Cannot invoke "hk.ust.comp3021.utils.Query$QueryType.ordinal()" because the return value of "hk.ust.comp3021.utils.Query.getType()" is null
	at hk.ust.comp3021.MiniMendeleyEngine.processQuery(MiniMendeleyEngine.java:660)
	at hk.ust.comp3021.MiniMendeleyEngine.lambda$processConcurrentQuery$14(MiniMendeleyEngine.java:648)
	at java.base/java.lang.Thread.run(Thread.java:833)
Exception in thread "Thread-31" java.lang.NullPointerException: Cannot invoke "hk.ust.comp3021.utils.Query$QueryType.ordinal()" because the return value of "hk.ust.comp3021.utils.Query.getType()" is null
	at hk.ust.comp3021.MiniMendeleyEngine.processQuery(MiniMendeleyEngine.java:660)
	at hk.ust.comp3021.MiniMendeleyEngine.lambda$processConcurrentQuery$14(MiniMendeleyEngine.java:648)
	at java.base/java.lang.Thread.run(Thread.java:833)
Exception in thread "Thread-132" java.lang.NullPointerException: Cannot invoke "hk.ust.comp3021.utils.Query$QueryType.ordinal()" because the return value of "hk.ust.comp3021.utils.Query.getType()" is null
	at hk.ust.comp3021.MiniMendeleyEngine.processQuery(MiniMendeleyEngine.java:660)
	at hk.ust.comp3021.MiniMendeleyEngine.lambda$processConcurrentQuery$14(MiniMendeleyEngine.java:648)
	at java.base/java.lang.Thread.run(Thread.java:833)
Exception in thread "Thread-131" java.lang.NullPointerException: Cannot invoke "hk.ust.comp3021.utils.Query$QueryType.ordinal()" because the return value of "hk.ust.comp3021.utils.Query.getType()" is null
	at hk.ust.comp3021.MiniMendeleyEngine.processQuery(MiniMendeleyEngine.java:660)
	at hk.ust.comp3021.MiniMendeleyEngine.lambda$processConcurrentQuery$14(MiniMendeleyEngine.java:648)
	at java.base/java.lang.Thread.run(Thread.java:833)
Exception in thread "Thread-11" java.lang.NullPointerException: Cannot invoke "hk.ust.comp3021.utils.Query$QueryType.ordinal()" because the return value of "hk.ust.comp3021.utils.Query.getType()" is null
	at hk.ust.comp3021.MiniMendeleyEngine.processQuery(MiniMendeleyEngine.java:660)
	at hk.ust.comp3021.MiniMendeleyEngine.lambda$processConcurrentQuery$14(MiniMendeleyEngine.java:648)
	at java.base/java.lang.Thread.run(Thread.java:833)
Exception in thread "Thread-135" java.lang.NullPointerException: Cannot invoke "hk.ust.comp3021.utils.Query$QueryType.ordinal()" because the return value of "hk.ust.comp3021.utils.Query.getType()" is null
	at hk.ust.comp3021.MiniMendeleyEngine.processQuery(MiniMendeleyEngine.java:660)
	at hk.ust.comp3021.MiniMendeleyEngine.lambda$processConcurrentQuery$14(MiniMendeleyEngine.java:648)
	at java.base/java.lang.Thread.run(Thread.java:833)
Exception in thread "Thread-20" java.lang.NullPointerException: Cannot invoke "hk.ust.comp3021.utils.Query$QueryType.ordinal()" because the return value of "hk.ust.comp3021.utils.Query.getType()" is null
	at hk.ust.comp3021.MiniMendeleyEngine.processQuery(MiniMendeleyEngine.java:660)
	at hk.ust.comp3021.MiniMendeleyEngine.lambda$processConcurrentQuery$14(MiniMendeleyEngine.java:648)
	at java.base/java.lang.Thread.run(Thread.java:833)
Exception in thread "Thread-14" java.lang.NullPointerException: Cannot invoke "hk.ust.comp3021.utils.Query$QueryType.ordinal()" because the return value of "hk.ust.comp3021.utils.Query.getType()" is null
	at hk.ust.comp3021.MiniMendeleyEngine.processQuery(MiniMendeleyEngine.java:660)
	at hk.ust.comp3021.MiniMendeleyEngine.lambda$processConcurrentQuery$14(MiniMendeleyEngine.java:648)
	at java.base/java.lang.Thread.run(Thread.java:833)
Exception in thread "Thread-29" java.lang.NullPointerException: Cannot invoke "hk.ust.comp3021.utils.Query$QueryType.ordinal()" because the return value of "hk.ust.comp3021.utils.Query.getType()" is null
	at hk.ust.comp3021.MiniMendeleyEngine.processQuery(MiniMendeleyEngine.java:660)
	at hk.ust.comp3021.MiniMendeleyEngine.lambda$processConcurrentQuery$14(MiniMendeleyEngine.java:648)
	at java.base/java.lang.Thread.run(Thread.java:833)
Exception in thread "Thread-139" java.lang.NullPointerException: Cannot invoke "hk.ust.comp3021.utils.Query$QueryType.ordinal()" because the return value of "hk.ust.comp3021.utils.Query.getType()" is null
	at hk.ust.comp3021.MiniMendeleyEngine.processQuery(MiniMendeleyEngine.java:660)
	at hk.ust.comp3021.MiniMendeleyEngine.lambda$processConcurrentQuery$14(MiniMendeleyEngine.java:648)
	at java.base/java.lang.Thread.run(Thread.java:833)
Exception in thread "Thread-141" java.lang.NullPointerException: Cannot invoke "hk.ust.comp3021.utils.Query$QueryType.ordinal()" because the return value of "hk.ust.comp3021.utils.Query.getType()" is null
	at hk.ust.comp3021.MiniMendeleyEngine.processQuery(MiniMendeleyEngine.java:660)
	at hk.ust.comp3021.MiniMendeleyEngine.lambda$processConcurrentQuery$14(MiniMendeleyEngine.java:648)
	at java.base/java.lang.Thread.run(Thread.java:833)
Exception in thread "Thread-142" java.lang.NullPointerException: Cannot invoke "hk.ust.comp3021.utils.Query$QueryType.ordinal()" because the return value of "hk.ust.comp3021.utils.Query.getType()" is null
	at hk.ust.comp3021.MiniMendeleyEngine.processQuery(MiniMendeleyEngine.java:660)
	at hk.ust.comp3021.MiniMendeleyEngine.lambda$processConcurrentQuery$14(MiniMendeleyEngine.java:648)
	at java.base/java.lang.Thread.run(Thread.java:833)
Exception in thread "Thread-32" java.lang.NullPointerException: Cannot invoke "hk.ust.comp3021.utils.Query$QueryType.ordinal()" because the return value of "hk.ust.comp3021.utils.Query.getType()" is null
	at hk.ust.comp3021.MiniMendeleyEngine.processQuery(MiniMendeleyEngine.java:660)
	at hk.ust.comp3021.MiniMendeleyEngine.lambda$processConcurrentQuery$14(MiniMendeleyEngine.java:648)
	at java.base/java.lang.Thread.run(Thread.java:833)
Exception in thread "Thread-28" java.lang.NullPointerException: Cannot invoke "hk.ust.comp3021.utils.Query$QueryType.ordinal()" because the return value of "hk.ust.comp3021.utils.Query.getType()" is null
	at hk.ust.comp3021.MiniMendeleyEngine.processQuery(MiniMendeleyEngine.java:660)
	at hk.ust.comp3021.MiniMendeleyEngine.lambda$processConcurrentQuery$14(MiniMendeleyEngine.java:648)
	at java.base/java.lang.Thread.run(Thread.java:833)
Exception in thread "Thread-25" java.lang.NullPointerException: Cannot invoke "hk.ust.comp3021.utils.Query$QueryType.ordinal()" because the return value of "hk.ust.comp3021.utils.Query.getType()" is null
	at hk.ust.comp3021.MiniMendeleyEngine.processQuery(MiniMendeleyEngine.java:660)
	at hk.ust.comp3021.MiniMendeleyEngine.lambda$processConcurrentQuery$14(MiniMendeleyEngine.java:648)
	at java.base/java.lang.Thread.run(Thread.java:833)
Exception in thread "Thread-146" java.lang.NullPointerException: Cannot invoke "hk.ust.comp3021.utils.Query$QueryType.ordinal()" because the return value of "hk.ust.comp3021.utils.Query.getType()" is null
	at hk.ust.comp3021.MiniMendeleyEngine.processQuery(MiniMendeleyEngine.java:660)
	at hk.ust.comp3021.MiniMendeleyEngine.lambda$processConcurrentQuery$14(MiniMendeleyEngine.java:648)
	at java.base/java.lang.Thread.run(Thread.java:833)
Exception in thread "Thread-147" java.lang.NullPointerException: Cannot invoke "hk.ust.comp3021.utils.Query$QueryType.ordinal()" because the return value of "hk.ust.comp3021.utils.Query.getType()" is null
	at hk.ust.comp3021.MiniMendeleyEngine.processQuery(MiniMendeleyEngine.java:660)
	at hk.ust.comp3021.MiniMendeleyEngine.lambda$processConcurrentQuery$14(MiniMendeleyEngine.java:648)
	at java.base/java.lang.Thread.run(Thread.java:833)
Exception in thread "Thread-19" java.lang.NullPointerException: Cannot invoke "hk.ust.comp3021.utils.Query$QueryType.ordinal()" because the return value of "hk.ust.comp3021.utils.Query.getType()" is null
	at hk.ust.comp3021.MiniMendeleyEngine.processQuery(MiniMendeleyEngine.java:660)
	at hk.ust.comp3021.MiniMendeleyEngine.lambda$processConcurrentQuery$14(MiniMendeleyEngine.java:648)
	at java.base/java.lang.Thread.run(Thread.java:833)
Exception in thread "Thread-12" java.lang.NullPointerException: Cannot invoke "hk.ust.comp3021.utils.Query$QueryType.ordinal()" because the return value of "hk.ust.comp3021.utils.Query.getType()" is null
	at hk.ust.comp3021.MiniMendeleyEngine.processQuery(MiniMendeleyEngine.java:660)
	at hk.ust.comp3021.MiniMendeleyEngine.lambda$processConcurrentQuery$14(MiniMendeleyEngine.java:648)
	at java.base/java.lang.Thread.run(Thread.java:833)
Exception in thread "Thread-150" java.lang.NullPointerException: Cannot invoke "hk.ust.comp3021.utils.Query$QueryType.ordinal()" because the return value of "hk.ust.comp3021.utils.Query.getType()" is null
	at hk.ust.comp3021.MiniMendeleyEngine.processQuery(MiniMendeleyEngine.java:660)
	at hk.ust.comp3021.MiniMendeleyEngine.lambda$processConcurrentQuery$14(MiniMendeleyEngine.java:648)
	at java.base/java.lang.Thread.run(Thread.java:833)
Exception in thread "Thread-149" java.lang.NullPointerException: Cannot invoke "hk.ust.comp3021.utils.Query$QueryType.ordinal()" because the return value of "hk.ust.comp3021.utils.Query.getType()" is null
	at hk.ust.comp3021.MiniMendeleyEngine.processQuery(MiniMendeleyEngine.java:660)
	at hk.ust.comp3021.MiniMendeleyEngine.lambda$processConcurrentQuery$14(MiniMendeleyEngine.java:648)
	at java.base/java.lang.Thread.run(Thread.java:833)
Exception in thread "Thread-148" java.lang.NullPointerException: Cannot invoke "hk.ust.comp3021.utils.Query$QueryType.ordinal()" because the return value of "hk.ust.comp3021.utils.Query.getType()" is null
	at hk.ust.comp3021.MiniMendeleyEngine.processQuery(MiniMendeleyEngine.java:660)
	at hk.ust.comp3021.MiniMendeleyEngine.lambda$processConcurrentQuery$14(MiniMendeleyEngine.java:648)
	at java.base/java.lang.Thread.run(Thread.java:833)
Exception in thread "Thread-152" java.lang.NullPointerException: Cannot invoke "hk.ust.comp3021.utils.Query$QueryType.ordinal()" because the return value of "hk.ust.comp3021.utils.Query.getType()" is null
	at hk.ust.comp3021.MiniMendeleyEngine.processQuery(MiniMendeleyEngine.java:660)
	at hk.ust.comp3021.MiniMendeleyEngine.lambda$processConcurrentQuery$14(MiniMendeleyEngine.java:648)
	at java.base/java.lang.Thread.run(Thread.java:833)
Exception in thread "Thread-144" java.lang.NullPointerException: Cannot invoke "hk.ust.comp3021.utils.Query$QueryType.ordinal()" because the return value of "hk.ust.comp3021.utils.Query.getType()" is null
	at hk.ust.comp3021.MiniMendeleyEngine.processQuery(MiniMendeleyEngine.java:660)
	at hk.ust.comp3021.MiniMendeleyEngine.lambda$processConcurrentQuery$14(MiniMendeleyEngine.java:648)
	at java.base/java.lang.Thread.run(Thread.java:833)
Exception in thread "Thread-154" java.lang.NullPointerException: Cannot invoke "hk.ust.comp3021.utils.Query$QueryType.ordinal()" because the return value of "hk.ust.comp3021.utils.Query.getType()" is null
	at hk.ust.comp3021.MiniMendeleyEngine.processQuery(MiniMendeleyEngine.java:660)
	at hk.ust.comp3021.MiniMendeleyEngine.lambda$processConcurrentQuery$14(MiniMendeleyEngine.java:648)
	at java.base/java.lang.Thread.run(Thread.java:833)
Exception in thread "Thread-145" java.lang.NullPointerException: Cannot invoke "hk.ust.comp3021.utils.Query$QueryType.ordinal()" because the return value of "hk.ust.comp3021.utils.Query.getType()" is null
	at hk.ust.comp3021.MiniMendeleyEngine.processQuery(MiniMendeleyEngine.java:660)
	at hk.ust.comp3021.MiniMendeleyEngine.lambda$processConcurrentQuery$14(MiniMendeleyEngine.java:648)
	at java.base/java.lang.Thread.run(Thread.java:833)
Exception in thread "Thread-155" java.lang.NullPointerException: Cannot invoke "hk.ust.comp3021.utils.Query$QueryType.ordinal()" because the return value of "hk.ust.comp3021.utils.Query.getType()" is null
	at hk.ust.comp3021.MiniMendeleyEngine.processQuery(MiniMendeleyEngine.java:660)
	at hk.ust.comp3021.MiniMendeleyEngine.lambda$processConcurrentQuery$14(MiniMendeleyEngine.java:648)
	at java.base/java.lang.Thread.run(Thread.java:833)
Exception in thread "Thread-158" java.lang.NullPointerException: Cannot invoke "hk.ust.comp3021.utils.Query$QueryType.ordinal()" because the return value of "hk.ust.comp3021.utils.Query.getType()" is null
	at hk.ust.comp3021.MiniMendeleyEngine.processQuery(MiniMendeleyEngine.java:660)
	at hk.ust.comp3021.MiniMendeleyEngine.lambda$processConcurrentQuery$14(MiniMendeleyEngine.java:648)
	at java.base/java.lang.Thread.run(Thread.java:833)
Exception in thread "Thread-160" java.lang.NullPointerException: Cannot invoke "hk.ust.comp3021.utils.Query$QueryType.ordinal()" because the return value of "hk.ust.comp3021.utils.Query.getType()" is null
	at hk.ust.comp3021.MiniMendeleyEngine.processQuery(MiniMendeleyEngine.java:660)
	at hk.ust.comp3021.MiniMendeleyEngine.lambda$processConcurrentQuery$14(MiniMendeleyEngine.java:648)
	at java.base/java.lang.Thread.run(Thread.java:833)
Exception in thread "Thread-143" java.lang.NullPointerException: Cannot invoke "hk.ust.comp3021.utils.Query$QueryType.ordinal()" because the return value of "hk.ust.comp3021.utils.Query.getType()" is null
	at hk.ust.comp3021.MiniMendeleyEngine.processQuery(MiniMendeleyEngine.java:660)
	at hk.ust.comp3021.MiniMendeleyEngine.lambda$processConcurrentQuery$14(MiniMendeleyEngine.java:648)
	at java.base/java.lang.Thread.run(Thread.java:833)
Exception in thread "Thread-140" java.lang.NullPointerException: Cannot invoke "hk.ust.comp3021.utils.Query$QueryType.ordinal()" because the return value of "hk.ust.comp3021.utils.Query.getType()" is null
	at hk.ust.comp3021.MiniMendeleyEngine.processQuery(MiniMendeleyEngine.java:660)
	at hk.ust.comp3021.MiniMendeleyEngine.lambda$processConcurrentQuery$14(MiniMendeleyEngine.java:648)
	at java.base/java.lang.Thread.run(Thread.java:833)
Exception in thread "Thread-161" java.lang.NullPointerException: Cannot invoke "hk.ust.comp3021.utils.Query$QueryType.ordinal()" because the return value of "hk.ust.comp3021.utils.Query.getType()" is null
	at hk.ust.comp3021.MiniMendeleyEngine.processQuery(MiniMendeleyEngine.java:660)
	at hk.ust.comp3021.MiniMendeleyEngine.lambda$processConcurrentQuery$14(MiniMendeleyEngine.java:648)
	at java.base/java.lang.Thread.run(Thread.java:833)
Exception in thread "Thread-138" java.lang.NullPointerException: Cannot invoke "hk.ust.comp3021.utils.Query$QueryType.ordinal()" because the return value of "hk.ust.comp3021.utils.Query.getType()" is null
	at hk.ust.comp3021.MiniMendeleyEngine.processQuery(MiniMendeleyEngine.java:660)
	at hk.ust.comp3021.MiniMendeleyEngine.lambda$processConcurrentQuery$14(MiniMendeleyEngine.java:648)
	at java.base/java.lang.Thread.run(Thread.java:833)
Exception in thread "Thread-137" java.lang.NullPointerException: Cannot invoke "hk.ust.comp3021.utils.Query$QueryType.ordinal()" because the return value of "hk.ust.comp3021.utils.Query.getType()" is null
	at hk.ust.comp3021.MiniMendeleyEngine.processQuery(MiniMendeleyEngine.java:660)
	at hk.ust.comp3021.MiniMendeleyEngine.lambda$processConcurrentQuery$14(MiniMendeleyEngine.java:648)
	at java.base/java.lang.Thread.run(Thread.java:833)
Exception in thread "Thread-136" java.lang.NullPointerException: Cannot invoke "hk.ust.comp3021.utils.Query$QueryType.ordinal()" because the return value of "hk.ust.comp3021.utils.Query.getType()" is null
	at hk.ust.comp3021.MiniMendeleyEngine.processQuery(MiniMendeleyEngine.java:660)
	at hk.ust.comp3021.MiniMendeleyEngine.lambda$processConcurrentQuery$14(MiniMendeleyEngine.java:648)
	at java.base/java.lang.Thread.run(Thread.java:833)
Exception in thread "Thread-134" java.lang.NullPointerException: Cannot invoke "hk.ust.comp3021.utils.Query$QueryType.ordinal()" because the return value of "hk.ust.comp3021.utils.Query.getType()" is null
	at hk.ust.comp3021.MiniMendeleyEngine.processQuery(MiniMendeleyEngine.java:660)
	at hk.ust.comp3021.MiniMendeleyEngine.lambda$processConcurrentQuery$14(MiniMendeleyEngine.java:648)
	at java.base/java.lang.Thread.run(Thread.java:833)
Exception in thread "Thread-170" java.lang.NullPointerException: Cannot invoke "hk.ust.comp3021.utils.Query$QueryType.ordinal()" because the return value of "hk.ust.comp3021.utils.Query.getType()" is null
	at hk.ust.comp3021.MiniMendeleyEngine.processQuery(MiniMendeleyEngine.java:660)
	at hk.ust.comp3021.MiniMendeleyEngine.lambda$processConcurrentQuery$14(MiniMendeleyEngine.java:648)
	at java.base/java.lang.Thread.run(Thread.java:833)
Exception in thread "Thread-171" java.lang.NullPointerException: Cannot invoke "hk.ust.comp3021.utils.Query$QueryType.ordinal()" because the return value of "hk.ust.comp3021.utils.Query.getType()" is null
	at hk.ust.comp3021.MiniMendeleyEngine.processQuery(MiniMendeleyEngine.java:660)
	at hk.ust.comp3021.MiniMendeleyEngine.lambda$processConcurrentQuery$14(MiniMendeleyEngine.java:648)
	at java.base/java.lang.Thread.run(Thread.java:833)
Exception in thread "Thread-172" java.lang.NullPointerException: Cannot invoke "hk.ust.comp3021.utils.Query$QueryType.ordinal()" because the return value of "hk.ust.comp3021.utils.Query.getType()" is null
	at hk.ust.comp3021.MiniMendeleyEngine.processQuery(MiniMendeleyEngine.java:660)
	at hk.ust.comp3021.MiniMendeleyEngine.lambda$processConcurrentQuery$14(MiniMendeleyEngine.java:648)
	at java.base/java.lang.Thread.run(Thread.java:833)
Exception in thread "Thread-133" java.lang.NullPointerException: Cannot invoke "hk.ust.comp3021.utils.Query$QueryType.ordinal()" because the return value of "hk.ust.comp3021.utils.Query.getType()" is null
	at hk.ust.comp3021.MiniMendeleyEngine.processQuery(MiniMendeleyEngine.java:660)
	at hk.ust.comp3021.MiniMendeleyEngine.lambda$processConcurrentQuery$14(MiniMendeleyEngine.java:648)
	at java.base/java.lang.Thread.run(Thread.java:833)
Exception in thread "Thread-130" java.lang.NullPointerException: Cannot invoke "hk.ust.comp3021.utils.Query$QueryType.ordinal()" because the return value of "hk.ust.comp3021.utils.Query.getType()" is null
	at hk.ust.comp3021.MiniMendeleyEngine.processQuery(MiniMendeleyEngine.java:660)
	at hk.ust.comp3021.MiniMendeleyEngine.lambda$processConcurrentQuery$14(MiniMendeleyEngine.java:648)
	at java.base/java.lang.Thread.run(Thread.java:833)
Exception in thread "Thread-129" java.lang.NullPointerException: Cannot invoke "hk.ust.comp3021.utils.Query$QueryType.ordinal()" because the return value of "hk.ust.comp3021.utils.Query.getType()" is null
	at hk.ust.comp3021.MiniMendeleyEngine.processQuery(MiniMendeleyEngine.java:660)
	at hk.ust.comp3021.MiniMendeleyEngine.lambda$processConcurrentQuery$14(MiniMendeleyEngine.java:648)
	at java.base/java.lang.Thread.run(Thread.java:833)
Exception in thread "Thread-128" java.lang.NullPointerException: Cannot invoke "hk.ust.comp3021.utils.Query$QueryType.ordinal()" because the return value of "hk.ust.comp3021.utils.Query.getType()" is null
	at hk.ust.comp3021.MiniMendeleyEngine.processQuery(MiniMendeleyEngine.java:660)
	at hk.ust.comp3021.MiniMendeleyEngine.lambda$processConcurrentQuery$14(MiniMendeleyEngine.java:648)
	at java.base/java.lang.Thread.run(Thread.java:833)
Exception in thread "Thread-176" java.lang.NullPointerException: Cannot invoke "hk.ust.comp3021.utils.Query$QueryType.ordinal()" because the return value of "hk.ust.comp3021.utils.Query.getType()" is null
	at hk.ust.comp3021.MiniMendeleyEngine.processQuery(MiniMendeleyEngine.java:660)
	at hk.ust.comp3021.MiniMendeleyEngine.lambda$processConcurrentQuery$14(MiniMendeleyEngine.java:648)
	at java.base/java.lang.Thread.run(Thread.java:833)
Exception in thread "Thread-126" java.lang.NullPointerException: Cannot invoke "hk.ust.comp3021.utils.Query$QueryType.ordinal()" because the return value of "hk.ust.comp3021.utils.Query.getType()" is null
	at hk.ust.comp3021.MiniMendeleyEngine.processQuery(MiniMendeleyEngine.java:660)
	at hk.ust.comp3021.MiniMendeleyEngine.lambda$processConcurrentQuery$14(MiniMendeleyEngine.java:648)
	at java.base/java.lang.Thread.run(Thread.java:833)
Exception in thread "Thread-127" java.lang.NullPointerException: Cannot invoke "hk.ust.comp3021.utils.Query$QueryType.ordinal()" because the return value of "hk.ust.comp3021.utils.Query.getType()" is null
	at hk.ust.comp3021.MiniMendeleyEngine.processQuery(MiniMendeleyEngine.java:660)
	at hk.ust.comp3021.MiniMendeleyEngine.lambda$processConcurrentQuery$14(MiniMendeleyEngine.java:648)
	at java.base/java.lang.Thread.run(Thread.java:833)
Exception in thread "Thread-125" java.lang.NullPointerException: Cannot invoke "hk.ust.comp3021.utils.Query$QueryType.ordinal()" because the return value of "hk.ust.comp3021.utils.Query.getType()" is null
	at hk.ust.comp3021.MiniMendeleyEngine.processQuery(MiniMendeleyEngine.java:660)
	at hk.ust.comp3021.MiniMendeleyEngine.lambda$processConcurrentQuery$14(MiniMendeleyEngine.java:648)
	at java.base/java.lang.Thread.run(Thread.java:833)
Exception in thread "Thread-124" java.lang.NullPointerException: Cannot invoke "hk.ust.comp3021.utils.Query$QueryType.ordinal()" because the return value of "hk.ust.comp3021.utils.Query.getType()" is null
	at hk.ust.comp3021.MiniMendeleyEngine.processQuery(MiniMendeleyEngine.java:660)
	at hk.ust.comp3021.MiniMendeleyEngine.lambda$processConcurrentQuery$14(MiniMendeleyEngine.java:648)
	at java.base/java.lang.Thread.run(Thread.java:833)
Exception in thread "Thread-123" java.lang.NullPointerException: Cannot invoke "hk.ust.comp3021.utils.Query$QueryType.ordinal()" because the return value of "hk.ust.comp3021.utils.Query.getType()" is null
	at hk.ust.comp3021.MiniMendeleyEngine.processQuery(MiniMendeleyEngine.java:660)
	at hk.ust.comp3021.MiniMendeleyEngine.lambda$processConcurrentQuery$14(MiniMendeleyEngine.java:648)
	at java.base/java.lang.Thread.run(Thread.java:833)
Exception in thread "Thread-122" java.lang.NullPointerException: Cannot invoke "hk.ust.comp3021.utils.Query$QueryType.ordinal()" because the return value of "hk.ust.comp3021.utils.Query.getType()" is null
	at hk.ust.comp3021.MiniMendeleyEngine.processQuery(MiniMendeleyEngine.java:660)
	at hk.ust.comp3021.MiniMendeleyEngine.lambda$processConcurrentQuery$14(MiniMendeleyEngine.java:648)
	at java.base/java.lang.Thread.run(Thread.java:833)
Exception in thread "Thread-121" java.lang.NullPointerException: Cannot invoke "hk.ust.comp3021.utils.Query$QueryType.ordinal()" because the return value of "hk.ust.comp3021.utils.Query.getType()" is null
	at hk.ust.comp3021.MiniMendeleyEngine.processQuery(MiniMendeleyEngine.java:660)
	at hk.ust.comp3021.MiniMendeleyEngine.lambda$processConcurrentQuery$14(MiniMendeleyEngine.java:648)
	at java.base/java.lang.Thread.run(Thread.java:833)
Exception in thread "Thread-181" java.lang.NullPointerException: Cannot invoke "hk.ust.comp3021.utils.Query$QueryType.ordinal()" because the return value of "hk.ust.comp3021.utils.Query.getType()" is null
	at hk.ust.comp3021.MiniMendeleyEngine.processQuery(MiniMendeleyEngine.java:660)
	at hk.ust.comp3021.MiniMendeleyEngine.lambda$processConcurrentQuery$14(MiniMendeleyEngine.java:648)
	at java.base/java.lang.Thread.run(Thread.java:833)
Exception in thread "Thread-180" java.lang.NullPointerException: Cannot invoke "hk.ust.comp3021.utils.Query$QueryType.ordinal()" because the return value of "hk.ust.comp3021.utils.Query.getType()" is null
	at hk.ust.comp3021.MiniMendeleyEngine.processQuery(MiniMendeleyEngine.java:660)
	at hk.ust.comp3021.MiniMendeleyEngine.lambda$processConcurrentQuery$14(MiniMendeleyEngine.java:648)
	at java.base/java.lang.Thread.run(Thread.java:833)
Exception in thread "Thread-120" java.lang.NullPointerException: Cannot invoke "hk.ust.comp3021.utils.Query$QueryType.ordinal()" because the return value of "hk.ust.comp3021.utils.Query.getType()" is null
	at hk.ust.comp3021.MiniMendeleyEngine.processQuery(MiniMendeleyEngine.java:660)
	at hk.ust.comp3021.MiniMendeleyEngine.lambda$processConcurrentQuery$14(MiniMendeleyEngine.java:648)
	at java.base/java.lang.Thread.run(Thread.java:833)
Exception in thread "Thread-119" java.lang.NullPointerException: Cannot invoke "hk.ust.comp3021.utils.Query$QueryType.ordinal()" because the return value of "hk.ust.comp3021.utils.Query.getType()" is null
	at hk.ust.comp3021.MiniMendeleyEngine.processQuery(MiniMendeleyEngine.java:660)
	at hk.ust.comp3021.MiniMendeleyEngine.lambda$processConcurrentQuery$14(MiniMendeleyEngine.java:648)
	at java.base/java.lang.Thread.run(Thread.java:833)
Exception in thread "Thread-118" java.lang.NullPointerException: Cannot invoke "hk.ust.comp3021.utils.Query$QueryType.ordinal()" because the return value of "hk.ust.comp3021.utils.Query.getType()" is null
	at hk.ust.comp3021.MiniMendeleyEngine.processQuery(MiniMendeleyEngine.java:660)
	at hk.ust.comp3021.MiniMendeleyEngine.lambda$processConcurrentQuery$14(MiniMendeleyEngine.java:648)
	at java.base/java.lang.Thread.run(Thread.java:833)
Exception in thread "Thread-116" java.lang.NullPointerException: Cannot invoke "hk.ust.comp3021.utils.Query$QueryType.ordinal()" because the return value of "hk.ust.comp3021.utils.Query.getType()" is null
	at hk.ust.comp3021.MiniMendeleyEngine.processQuery(MiniMendeleyEngine.java:660)
	at hk.ust.comp3021.MiniMendeleyEngine.lambda$processConcurrentQuery$14(MiniMendeleyEngine.java:648)
	at java.base/java.lang.Thread.run(Thread.java:833)
Exception in thread "Thread-190" java.lang.NullPointerException: Cannot invoke "hk.ust.comp3021.utils.Query$QueryType.ordinal()" because the return value of "hk.ust.comp3021.utils.Query.getType()" is null
	at hk.ust.comp3021.MiniMendeleyEngine.processQuery(MiniMendeleyEngine.java:660)
	at hk.ust.comp3021.MiniMendeleyEngine.lambda$processConcurrentQuery$14(MiniMendeleyEngine.java:648)
	at java.base/java.lang.Thread.run(Thread.java:833)
Exception in thread "Thread-117" java.lang.NullPointerException: Cannot invoke "hk.ust.comp3021.utils.Query$QueryType.ordinal()" because the return value of "hk.ust.comp3021.utils.Query.getType()" is null
	at hk.ust.comp3021.MiniMendeleyEngine.processQuery(MiniMendeleyEngine.java:660)
	at hk.ust.comp3021.MiniMendeleyEngine.lambda$processConcurrentQuery$14(MiniMendeleyEngine.java:648)
	at java.base/java.lang.Thread.run(Thread.java:833)
Exception in thread "Thread-191" java.lang.NullPointerException: Cannot invoke "hk.ust.comp3021.utils.Query$QueryType.ordinal()" because the return value of "hk.ust.comp3021.utils.Query.getType()" is null
	at hk.ust.comp3021.MiniMendeleyEngine.processQuery(MiniMendeleyEngine.java:660)
	at hk.ust.comp3021.MiniMendeleyEngine.lambda$processConcurrentQuery$14(MiniMendeleyEngine.java:648)
	at java.base/java.lang.Thread.run(Thread.java:833)
Exception in thread "Thread-115" java.lang.NullPointerException: Cannot invoke "hk.ust.comp3021.utils.Query$QueryType.ordinal()" because the return value of "hk.ust.comp3021.utils.Query.getType()" is null
	at hk.ust.comp3021.MiniMendeleyEngine.processQuery(MiniMendeleyEngine.java:660)
	at hk.ust.comp3021.MiniMendeleyEngine.lambda$processConcurrentQuery$14(MiniMendeleyEngine.java:648)
	at java.base/java.lang.Thread.run(Thread.java:833)
Exception in thread "Thread-193" java.lang.NullPointerException: Cannot invoke "hk.ust.comp3021.utils.Query$QueryType.ordinal()" because the return value of "hk.ust.comp3021.utils.Query.getType()" is null
	at hk.ust.comp3021.MiniMendeleyEngine.processQuery(MiniMendeleyEngine.java:660)
	at hk.ust.comp3021.MiniMendeleyEngine.lambda$processConcurrentQuery$14(MiniMendeleyEngine.java:648)
	at java.base/java.lang.Thread.run(Thread.java:833)
Exception in thread "Thread-114" java.lang.NullPointerException: Cannot invoke "hk.ust.comp3021.utils.Query$QueryType.ordinal()" because the return value of "hk.ust.comp3021.utils.Query.getType()" is null
	at hk.ust.comp3021.MiniMendeleyEngine.processQuery(MiniMendeleyEngine.java:660)
	at hk.ust.comp3021.MiniMendeleyEngine.lambda$processConcurrentQuery$14(MiniMendeleyEngine.java:648)
	at java.base/java.lang.Thread.run(Thread.java:833)
Exception in thread "Thread-113" java.lang.NullPointerException: Cannot invoke "hk.ust.comp3021.utils.Query$QueryType.ordinal()" because the return value of "hk.ust.comp3021.utils.Query.getType()" is null
	at hk.ust.comp3021.MiniMendeleyEngine.processQuery(MiniMendeleyEngine.java:660)
	at hk.ust.comp3021.MiniMendeleyEngine.lambda$processConcurrentQuery$14(MiniMendeleyEngine.java:648)
	at java.base/java.lang.Thread.run(Thread.java:833)
Exception in thread "Thread-112" java.lang.NullPointerException: Cannot invoke "hk.ust.comp3021.utils.Query$QueryType.ordinal()" because the return value of "hk.ust.comp3021.utils.Query.getType()" is null
	at hk.ust.comp3021.MiniMendeleyEngine.processQuery(MiniMendeleyEngine.java:660)
	at hk.ust.comp3021.MiniMendeleyEngine.lambda$processConcurrentQuery$14(MiniMendeleyEngine.java:648)
	at java.base/java.lang.Thread.run(Thread.java:833)
Exception in thread "Thread-199" java.lang.NullPointerException: Cannot invoke "hk.ust.comp3021.utils.Query$QueryType.ordinal()" because the return value of "hk.ust.comp3021.utils.Query.getType()" is null
	at hk.ust.comp3021.MiniMendeleyEngine.processQuery(MiniMendeleyEngine.java:660)
	at hk.ust.comp3021.MiniMendeleyEngine.lambda$processConcurrentQuery$14(MiniMendeleyEngine.java:648)
	at java.base/java.lang.Thread.run(Thread.java:833)
Exception in thread "Thread-200" java.lang.NullPointerException: Cannot invoke "hk.ust.comp3021.utils.Query$QueryType.ordinal()" because the return value of "hk.ust.comp3021.utils.Query.getType()" is null
	at hk.ust.comp3021.MiniMendeleyEngine.processQuery(MiniMendeleyEngine.java:660)
	at hk.ust.comp3021.MiniMendeleyEngine.lambda$processConcurrentQuery$14(MiniMendeleyEngine.java:648)
	at java.base/java.lang.Thread.run(Thread.java:833)
Exception in thread "Thread-111" java.lang.NullPointerException: Cannot invoke "hk.ust.comp3021.utils.Query$QueryType.ordinal()" because the return value of "hk.ust.comp3021.utils.Query.getType()" is null
	at hk.ust.comp3021.MiniMendeleyEngine.processQuery(MiniMendeleyEngine.java:660)
	at hk.ust.comp3021.MiniMendeleyEngine.lambda$processConcurrentQuery$14(MiniMendeleyEngine.java:648)
	at java.base/java.lang.Thread.run(Thread.java:833)
Exception in thread "Thread-206" java.lang.NullPointerException: Cannot invoke "hk.ust.comp3021.utils.Query$QueryType.ordinal()" because the return value of "hk.ust.comp3021.utils.Query.getType()" is null
	at hk.ust.comp3021.MiniMendeleyEngine.processQuery(MiniMendeleyEngine.java:660)
	at hk.ust.comp3021.MiniMendeleyEngine.lambda$processConcurrentQuery$14(MiniMendeleyEngine.java:648)
	at java.base/java.lang.Thread.run(Thread.java:833)
Exception in thread "Thread-109" java.lang.NullPointerException: Cannot invoke "hk.ust.comp3021.utils.Query$QueryType.ordinal()" because the return value of "hk.ust.comp3021.utils.Query.getType()" is null
	at hk.ust.comp3021.MiniMendeleyEngine.processQuery(MiniMendeleyEngine.java:660)
	at hk.ust.comp3021.MiniMendeleyEngine.lambda$processConcurrentQuery$14(MiniMendeleyEngine.java:648)
	at java.base/java.lang.Thread.run(Thread.java:833)
Exception in thread "Thread-207" java.lang.NullPointerException: Cannot invoke "hk.ust.comp3021.utils.Query$QueryType.ordinal()" because the return value of "hk.ust.comp3021.utils.Query.getType()" is null
	at hk.ust.comp3021.MiniMendeleyEngine.processQuery(MiniMendeleyEngine.java:660)
	at hk.ust.comp3021.MiniMendeleyEngine.lambda$processConcurrentQuery$14(MiniMendeleyEngine.java:648)
	at java.base/java.lang.Thread.run(Thread.java:833)
Exception in thread "Thread-107" java.lang.NullPointerException: Cannot invoke "hk.ust.comp3021.utils.Query$QueryType.ordinal()" because the return value of "hk.ust.comp3021.utils.Query.getType()" is null
	at hk.ust.comp3021.MiniMendeleyEngine.processQuery(MiniMendeleyEngine.java:660)
	at hk.ust.comp3021.MiniMendeleyEngine.lambda$processConcurrentQuery$14(MiniMendeleyEngine.java:648)
	at java.base/java.lang.Thread.run(Thread.java:833)
Exception in thread "Thread-106" java.lang.NullPointerException: Cannot invoke "hk.ust.comp3021.utils.Query$QueryType.ordinal()" because the return value of "hk.ust.comp3021.utils.Query.getType()" is null
	at hk.ust.comp3021.MiniMendeleyEngine.processQuery(MiniMendeleyEngine.java:660)
	at hk.ust.comp3021.MiniMendeleyEngine.lambda$processConcurrentQuery$14(MiniMendeleyEngine.java:648)
	at java.base/java.lang.Thread.run(Thread.java:833)
Exception in thread "Thread-208" java.lang.NullPointerException: Cannot invoke "hk.ust.comp3021.utils.Query$QueryType.ordinal()" because the return value of "hk.ust.comp3021.utils.Query.getType()" is null
	at hk.ust.comp3021.MiniMendeleyEngine.processQuery(MiniMendeleyEngine.java:660)
	at hk.ust.comp3021.MiniMendeleyEngine.lambda$processConcurrentQuery$14(MiniMendeleyEngine.java:648)
	at java.base/java.lang.Thread.run(Thread.java:833)
Exception in thread "Thread-211" java.lang.NullPointerException: Cannot invoke "hk.ust.comp3021.utils.Query$QueryType.ordinal()" because the return value of "hk.ust.comp3021.utils.Query.getType()" is null
	at hk.ust.comp3021.MiniMendeleyEngine.processQuery(MiniMendeleyEngine.java:660)
	at hk.ust.comp3021.MiniMendeleyEngine.lambda$processConcurrentQuery$14(MiniMendeleyEngine.java:648)
	at java.base/java.lang.Thread.run(Thread.java:833)
Exception in thread "Thread-212" java.lang.NullPointerException: Cannot invoke "hk.ust.comp3021.utils.Query$QueryType.ordinal()" because the return value of "hk.ust.comp3021.utils.Query.getType()" is null
	at hk.ust.comp3021.MiniMendeleyEngine.processQuery(MiniMendeleyEngine.java:660)
	at hk.ust.comp3021.MiniMendeleyEngine.lambda$processConcurrentQuery$14(MiniMendeleyEngine.java:648)
	at java.base/java.lang.Thread.run(Thread.java:833)
Exception in thread "Thread-105" java.lang.NullPointerException: Cannot invoke "hk.ust.comp3021.utils.Query$QueryType.ordinal()" because the return value of "hk.ust.comp3021.utils.Query.getType()" is null
	at hk.ust.comp3021.MiniMendeleyEngine.processQuery(MiniMendeleyEngine.java:660)
	at hk.ust.comp3021.MiniMendeleyEngine.lambda$processConcurrentQuery$14(MiniMendeleyEngine.java:648)
	at java.base/java.lang.Thread.run(Thread.java:833)
Exception in thread "Thread-104" java.lang.NullPointerException: Cannot invoke "hk.ust.comp3021.utils.Query$QueryType.ordinal()" because the return value of "hk.ust.comp3021.utils.Query.getType()" is null
	at hk.ust.comp3021.MiniMendeleyEngine.processQuery(MiniMendeleyEngine.java:660)
	at hk.ust.comp3021.MiniMendeleyEngine.lambda$processConcurrentQuery$14(MiniMendeleyEngine.java:648)
	at java.base/java.lang.Thread.run(Thread.java:833)
Exception in thread "Thread-216" java.lang.NullPointerException: Cannot invoke "hk.ust.comp3021.utils.Query$QueryType.ordinal()" because the return value of "hk.ust.comp3021.utils.Query.getType()" is null
	at hk.ust.comp3021.MiniMendeleyEngine.processQuery(MiniMendeleyEngine.java:660)
	at hk.ust.comp3021.MiniMendeleyEngine.lambda$processConcurrentQuery$14(MiniMendeleyEngine.java:648)
	at java.base/java.lang.Thread.run(Thread.java:833)
Exception in thread "Thread-103" java.lang.NullPointerException: Cannot invoke "hk.ust.comp3021.utils.Query$QueryType.ordinal()" because the return value of "hk.ust.comp3021.utils.Query.getType()" is null
	at hk.ust.comp3021.MiniMendeleyEngine.processQuery(MiniMendeleyEngine.java:660)
	at hk.ust.comp3021.MiniMendeleyEngine.lambda$processConcurrentQuery$14(MiniMendeleyEngine.java:648)
	at java.base/java.lang.Thread.run(Thread.java:833)
Exception in thread "Thread-102" java.lang.NullPointerException: Cannot invoke "hk.ust.comp3021.utils.Query$QueryType.ordinal()" because the return value of "hk.ust.comp3021.utils.Query.getType()" is null
	at hk.ust.comp3021.MiniMendeleyEngine.processQuery(MiniMendeleyEngine.java:660)
	at hk.ust.comp3021.MiniMendeleyEngine.lambda$processConcurrentQuery$14(MiniMendeleyEngine.java:648)
	at java.base/java.lang.Thread.run(Thread.java:833)
Exception in thread "Thread-101" java.lang.NullPointerException: Cannot invoke "hk.ust.comp3021.utils.Query$QueryType.ordinal()" because the return value of "hk.ust.comp3021.utils.Query.getType()" is null
	at hk.ust.comp3021.MiniMendeleyEngine.processQuery(MiniMendeleyEngine.java:660)
	at hk.ust.comp3021.MiniMendeleyEngine.lambda$processConcurrentQuery$14(MiniMendeleyEngine.java:648)
	at java.base/java.lang.Thread.run(Thread.java:833)
Exception in thread "Thread-100" java.lang.NullPointerException: Cannot invoke "hk.ust.comp3021.utils.Query$QueryType.ordinal()" because the return value of "hk.ust.comp3021.utils.Query.getType()" is null
	at hk.ust.comp3021.MiniMendeleyEngine.processQuery(MiniMendeleyEngine.java:660)
	at hk.ust.comp3021.MiniMendeleyEngine.lambda$processConcurrentQuery$14(MiniMendeleyEngine.java:648)
	at java.base/java.lang.Thread.run(Thread.java:833)
Exception in thread "Thread-99" java.lang.NullPointerException: Cannot invoke "hk.ust.comp3021.utils.Query$QueryType.ordinal()" because the return value of "hk.ust.comp3021.utils.Query.getType()" is null
	at hk.ust.comp3021.MiniMendeleyEngine.processQuery(MiniMendeleyEngine.java:660)
	at hk.ust.comp3021.MiniMendeleyEngine.lambda$processConcurrentQuery$14(MiniMendeleyEngine.java:648)
	at java.base/java.lang.Thread.run(Thread.java:833)
Exception in thread "Thread-224" java.lang.NullPointerException: Cannot invoke "hk.ust.comp3021.utils.Query$QueryType.ordinal()" because the return value of "hk.ust.comp3021.utils.Query.getType()" is null
	at hk.ust.comp3021.MiniMendeleyEngine.processQuery(MiniMendeleyEngine.java:660)
	at hk.ust.comp3021.MiniMendeleyEngine.lambda$processConcurrentQuery$14(MiniMendeleyEngine.java:648)
	at java.base/java.lang.Thread.run(Thread.java:833)
Exception in thread "Thread-98" java.lang.NullPointerException: Cannot invoke "hk.ust.comp3021.utils.Query$QueryType.ordinal()" because the return value of "hk.ust.comp3021.utils.Query.getType()" is null
	at hk.ust.comp3021.MiniMendeleyEngine.processQuery(MiniMendeleyEngine.java:660)
	at hk.ust.comp3021.MiniMendeleyEngine.lambda$processConcurrentQuery$14(MiniMendeleyEngine.java:648)
	at java.base/java.lang.Thread.run(Thread.java:833)
Exception in thread "Thread-97" java.lang.NullPointerException: Cannot invoke "hk.ust.comp3021.utils.Query$QueryType.ordinal()" because the return value of "hk.ust.comp3021.utils.Query.getType()" is null
	at hk.ust.comp3021.MiniMendeleyEngine.processQuery(MiniMendeleyEngine.java:660)
	at hk.ust.comp3021.MiniMendeleyEngine.lambda$processConcurrentQuery$14(MiniMendeleyEngine.java:648)
	at java.base/java.lang.Thread.run(Thread.java:833)
Exception in thread "Thread-95" java.lang.NullPointerException: Cannot invoke "hk.ust.comp3021.utils.Query$QueryType.ordinal()" because the return value of "hk.ust.comp3021.utils.Query.getType()" is null
	at hk.ust.comp3021.MiniMendeleyEngine.processQuery(MiniMendeleyEngine.java:660)
	at hk.ust.comp3021.MiniMendeleyEngine.lambda$processConcurrentQuery$14(MiniMendeleyEngine.java:648)
	at java.base/java.lang.Thread.run(Thread.java:833)
Exception in thread "Thread-229" java.lang.NullPointerException: Cannot invoke "hk.ust.comp3021.utils.Query$QueryType.ordinal()" because the return value of "hk.ust.comp3021.utils.Query.getType()" is null
	at hk.ust.comp3021.MiniMendeleyEngine.processQuery(MiniMendeleyEngine.java:660)
	at hk.ust.comp3021.MiniMendeleyEngine.lambda$processConcurrentQuery$14(MiniMendeleyEngine.java:648)
	at java.base/java.lang.Thread.run(Thread.java:833)
Exception in thread "Thread-96" java.lang.NullPointerException: Cannot invoke "hk.ust.comp3021.utils.Query$QueryType.ordinal()" because the return value of "hk.ust.comp3021.utils.Query.getType()" is null
	at hk.ust.comp3021.MiniMendeleyEngine.processQuery(MiniMendeleyEngine.java:660)
	at hk.ust.comp3021.MiniMendeleyEngine.lambda$processConcurrentQuery$14(MiniMendeleyEngine.java:648)
	at java.base/java.lang.Thread.run(Thread.java:833)
Exception in thread "Thread-94" java.lang.NullPointerException: Cannot invoke "hk.ust.comp3021.utils.Query$QueryType.ordinal()" because the return value of "hk.ust.comp3021.utils.Query.getType()" is null
	at hk.ust.comp3021.MiniMendeleyEngine.processQuery(MiniMendeleyEngine.java:660)
	at hk.ust.comp3021.MiniMendeleyEngine.lambda$processConcurrentQuery$14(MiniMendeleyEngine.java:648)
	at java.base/java.lang.Thread.run(Thread.java:833)
Exception in thread "Thread-93" java.lang.NullPointerException: Cannot invoke "hk.ust.comp3021.utils.Query$QueryType.ordinal()" because the return value of "hk.ust.comp3021.utils.Query.getType()" is null
	at hk.ust.comp3021.MiniMendeleyEngine.processQuery(MiniMendeleyEngine.java:660)
	at hk.ust.comp3021.MiniMendeleyEngine.lambda$processConcurrentQuery$14(MiniMendeleyEngine.java:648)
	at java.base/java.lang.Thread.run(Thread.java:833)
Exception in thread "Thread-92" java.lang.NullPointerException: Cannot invoke "hk.ust.comp3021.utils.Query$QueryType.ordinal()" because the return value of "hk.ust.comp3021.utils.Query.getType()" is null
	at hk.ust.comp3021.MiniMendeleyEngine.processQuery(MiniMendeleyEngine.java:660)
	at hk.ust.comp3021.MiniMendeleyEngine.lambda$processConcurrentQuery$14(MiniMendeleyEngine.java:648)
	at java.base/java.lang.Thread.run(Thread.java:833)
Exception in thread "Thread-91" java.lang.NullPointerException: Cannot invoke "hk.ust.comp3021.utils.Query$QueryType.ordinal()" because the return value of "hk.ust.comp3021.utils.Query.getType()" is null
	at hk.ust.comp3021.MiniMendeleyEngine.processQuery(MiniMendeleyEngine.java:660)
	at hk.ust.comp3021.MiniMendeleyEngine.lambda$processConcurrentQuery$14(MiniMendeleyEngine.java:648)
	at java.base/java.lang.Thread.run(Thread.java:833)
Exception in thread "Thread-233" java.lang.NullPointerException: Cannot invoke "hk.ust.comp3021.utils.Query$QueryType.ordinal()" because the return value of "hk.ust.comp3021.utils.Query.getType()" is null
	at hk.ust.comp3021.MiniMendeleyEngine.processQuery(MiniMendeleyEngine.java:660)
	at hk.ust.comp3021.MiniMendeleyEngine.lambda$processConcurrentQuery$14(MiniMendeleyEngine.java:648)
	at java.base/java.lang.Thread.run(Thread.java:833)
Exception in thread "Thread-89" java.lang.NullPointerException: Cannot invoke "hk.ust.comp3021.utils.Query$QueryType.ordinal()" because the return value of "hk.ust.comp3021.utils.Query.getType()" is null
	at hk.ust.comp3021.MiniMendeleyEngine.processQuery(MiniMendeleyEngine.java:660)
	at hk.ust.comp3021.MiniMendeleyEngine.lambda$processConcurrentQuery$14(MiniMendeleyEngine.java:648)
	at java.base/java.lang.Thread.run(Thread.java:833)
Exception in thread "Thread-88" java.lang.NullPointerException: Cannot invoke "hk.ust.comp3021.utils.Query$QueryType.ordinal()" because the return value of "hk.ust.comp3021.utils.Query.getType()" is null
	at hk.ust.comp3021.MiniMendeleyEngine.processQuery(MiniMendeleyEngine.java:660)
	at hk.ust.comp3021.MiniMendeleyEngine.lambda$processConcurrentQuery$14(MiniMendeleyEngine.java:648)
	at java.base/java.lang.Thread.run(Thread.java:833)
Exception in thread "Thread-87" java.lang.NullPointerException: Cannot invoke "hk.ust.comp3021.utils.Query$QueryType.ordinal()" because the return value of "hk.ust.comp3021.utils.Query.getType()" is null
	at hk.ust.comp3021.MiniMendeleyEngine.processQuery(MiniMendeleyEngine.java:660)
	at hk.ust.comp3021.MiniMendeleyEngine.lambda$processConcurrentQuery$14(MiniMendeleyEngine.java:648)
	at java.base/java.lang.Thread.run(Thread.java:833)
Exception in thread "Thread-86" java.lang.NullPointerException: Cannot invoke "hk.ust.comp3021.utils.Query$QueryType.ordinal()" because the return value of "hk.ust.comp3021.utils.Query.getType()" is null
	at hk.ust.comp3021.MiniMendeleyEngine.processQuery(MiniMendeleyEngine.java:660)
	at hk.ust.comp3021.MiniMendeleyEngine.lambda$processConcurrentQuery$14(MiniMendeleyEngine.java:648)
	at java.base/java.lang.Thread.run(Thread.java:833)
Exception in thread "Thread-240" java.lang.NullPointerException: Cannot invoke "hk.ust.comp3021.utils.Query$QueryType.ordinal()" because the return value of "hk.ust.comp3021.utils.Query.getType()" is null
	at hk.ust.comp3021.MiniMendeleyEngine.processQuery(MiniMendeleyEngine.java:660)
	at hk.ust.comp3021.MiniMendeleyEngine.lambda$processConcurrentQuery$14(MiniMendeleyEngine.java:648)
	at java.base/java.lang.Thread.run(Thread.java:833)
Exception in thread "Thread-241" java.lang.NullPointerException: Cannot invoke "hk.ust.comp3021.utils.Query$QueryType.ordinal()" because the return value of "hk.ust.comp3021.utils.Query.getType()" is null
	at hk.ust.comp3021.MiniMendeleyEngine.processQuery(MiniMendeleyEngine.java:660)
	at hk.ust.comp3021.MiniMendeleyEngine.lambda$processConcurrentQuery$14(MiniMendeleyEngine.java:648)
	at java.base/java.lang.Thread.run(Thread.java:833)
Exception in thread "Thread-84" java.lang.NullPointerException: Cannot invoke "hk.ust.comp3021.utils.Query$QueryType.ordinal()" because the return value of "hk.ust.comp3021.utils.Query.getType()" is null
	at hk.ust.comp3021.MiniMendeleyEngine.processQuery(MiniMendeleyEngine.java:660)
	at hk.ust.comp3021.MiniMendeleyEngine.lambda$processConcurrentQuery$14(MiniMendeleyEngine.java:648)
	at java.base/java.lang.Thread.run(Thread.java:833)
Exception in thread "Thread-243" java.lang.NullPointerException: Cannot invoke "hk.ust.comp3021.utils.Query$QueryType.ordinal()" because the return value of "hk.ust.comp3021.utils.Query.getType()" is null
	at hk.ust.comp3021.MiniMendeleyEngine.processQuery(MiniMendeleyEngine.java:660)
	at hk.ust.comp3021.MiniMendeleyEngine.lambda$processConcurrentQuery$14(MiniMendeleyEngine.java:648)
	at java.base/java.lang.Thread.run(Thread.java:833)
Exception in thread "Thread-85" java.lang.NullPointerException: Cannot invoke "hk.ust.comp3021.utils.Query$QueryType.ordinal()" because the return value of "hk.ust.comp3021.utils.Query.getType()" is null
	at hk.ust.comp3021.MiniMendeleyEngine.processQuery(MiniMendeleyEngine.java:660)
	at hk.ust.comp3021.MiniMendeleyEngine.lambda$processConcurrentQuery$14(MiniMendeleyEngine.java:648)
	at java.base/java.lang.Thread.run(Thread.java:833)
Exception in thread "Thread-83" java.lang.NullPointerException: Cannot invoke "hk.ust.comp3021.utils.Query$QueryType.ordinal()" because the return value of "hk.ust.comp3021.utils.Query.getType()" is null
	at hk.ust.comp3021.MiniMendeleyEngine.processQuery(MiniMendeleyEngine.java:660)
	at hk.ust.comp3021.MiniMendeleyEngine.lambda$processConcurrentQuery$14(MiniMendeleyEngine.java:648)
	at java.base/java.lang.Thread.run(Thread.java:833)
Exception in thread "Thread-82" java.lang.NullPointerException: Cannot invoke "hk.ust.comp3021.utils.Query$QueryType.ordinal()" because the return value of "hk.ust.comp3021.utils.Query.getType()" is null
	at hk.ust.comp3021.MiniMendeleyEngine.processQuery(MiniMendeleyEngine.java:660)
	at hk.ust.comp3021.MiniMendeleyEngine.lambda$processConcurrentQuery$14(MiniMendeleyEngine.java:648)
	at java.base/java.lang.Thread.run(Thread.java:833)
Exception in thread "Thread-244" java.lang.NullPointerException: Cannot invoke "hk.ust.comp3021.utils.Query$QueryType.ordinal()" because the return value of "hk.ust.comp3021.utils.Query.getType()" is null
	at hk.ust.comp3021.MiniMendeleyEngine.processQuery(MiniMendeleyEngine.java:660)
	at hk.ust.comp3021.MiniMendeleyEngine.lambda$processConcurrentQuery$14(MiniMendeleyEngine.java:648)
	at java.base/java.lang.Thread.run(Thread.java:833)
Exception in thread "Thread-247" java.lang.NullPointerException: Cannot invoke "hk.ust.comp3021.utils.Query$QueryType.ordinal()" because the return value of "hk.ust.comp3021.utils.Query.getType()" is null
	at hk.ust.comp3021.MiniMendeleyEngine.processQuery(MiniMendeleyEngine.java:660)
	at hk.ust.comp3021.MiniMendeleyEngine.lambda$processConcurrentQuery$14(MiniMendeleyEngine.java:648)
	at java.base/java.lang.Thread.run(Thread.java:833)
Exception in thread "Thread-80" java.lang.NullPointerException: Cannot invoke "hk.ust.comp3021.utils.Query$QueryType.ordinal()" because the return value of "hk.ust.comp3021.utils.Query.getType()" is null
	at hk.ust.comp3021.MiniMendeleyEngine.processQuery(MiniMendeleyEngine.java:660)
	at hk.ust.comp3021.MiniMendeleyEngine.lambda$processConcurrentQuery$14(MiniMendeleyEngine.java:648)
	at java.base/java.lang.Thread.run(Thread.java:833)
Exception in thread "Thread-81" java.lang.NullPointerException: Cannot invoke "hk.ust.comp3021.utils.Query$QueryType.ordinal()" because the return value of "hk.ust.comp3021.utils.Query.getType()" is null
	at hk.ust.comp3021.MiniMendeleyEngine.processQuery(MiniMendeleyEngine.java:660)
	at hk.ust.comp3021.MiniMendeleyEngine.lambda$processConcurrentQuery$14(MiniMendeleyEngine.java:648)
	at java.base/java.lang.Thread.run(Thread.java:833)
Exception in thread "Thread-249" java.lang.NullPointerException: Cannot invoke "hk.ust.comp3021.utils.Query$QueryType.ordinal()" because the return value of "hk.ust.comp3021.utils.Query.getType()" is null
	at hk.ust.comp3021.MiniMendeleyEngine.processQuery(MiniMendeleyEngine.java:660)
	at hk.ust.comp3021.MiniMendeleyEngine.lambda$processConcurrentQuery$14(MiniMendeleyEngine.java:648)
	at java.base/java.lang.Thread.run(Thread.java:833)
Exception in thread "Thread-78" java.lang.NullPointerException: Cannot invoke "hk.ust.comp3021.utils.Query$QueryType.ordinal()" because the return value of "hk.ust.comp3021.utils.Query.getType()" is null
	at hk.ust.comp3021.MiniMendeleyEngine.processQuery(MiniMendeleyEngine.java:660)
	at hk.ust.comp3021.MiniMendeleyEngine.lambda$processConcurrentQuery$14(MiniMendeleyEngine.java:648)
	at java.base/java.lang.Thread.run(Thread.java:833)
Exception in thread "Thread-77" java.lang.NullPointerException: Cannot invoke "hk.ust.comp3021.utils.Query$QueryType.ordinal()" because the return value of "hk.ust.comp3021.utils.Query.getType()" is null
	at hk.ust.comp3021.MiniMendeleyEngine.processQuery(MiniMendeleyEngine.java:660)
	at hk.ust.comp3021.MiniMendeleyEngine.lambda$processConcurrentQuery$14(MiniMendeleyEngine.java:648)
	at java.base/java.lang.Thread.run(Thread.java:833)
Exception in thread "Thread-251" java.lang.NullPointerException: Cannot invoke "hk.ust.comp3021.utils.Query$QueryType.ordinal()" because the return value of "hk.ust.comp3021.utils.Query.getType()" is null
	at hk.ust.comp3021.MiniMendeleyEngine.processQuery(MiniMendeleyEngine.java:660)
	at hk.ust.comp3021.MiniMendeleyEngine.lambda$processConcurrentQuery$14(MiniMendeleyEngine.java:648)
	at java.base/java.lang.Thread.run(Thread.java:833)
Exception in thread "Thread-76" java.lang.NullPointerException: Cannot invoke "hk.ust.comp3021.utils.Query$QueryType.ordinal()" because the return value of "hk.ust.comp3021.utils.Query.getType()" is null
	at hk.ust.comp3021.MiniMendeleyEngine.processQuery(MiniMendeleyEngine.java:660)
	at hk.ust.comp3021.MiniMendeleyEngine.lambda$processConcurrentQuery$14(MiniMendeleyEngine.java:648)
	at java.base/java.lang.Thread.run(Thread.java:833)
Exception in thread "Thread-75" java.lang.NullPointerException: Cannot invoke "hk.ust.comp3021.utils.Query$QueryType.ordinal()" because the return value of "hk.ust.comp3021.utils.Query.getType()" is null
	at hk.ust.comp3021.MiniMendeleyEngine.processQuery(MiniMendeleyEngine.java:660)
	at hk.ust.comp3021.MiniMendeleyEngine.lambda$processConcurrentQuery$14(MiniMendeleyEngine.java:648)
	at java.base/java.lang.Thread.run(Thread.java:833)
Exception in thread "Thread-255" java.lang.NullPointerException: Cannot invoke "hk.ust.comp3021.utils.Query$QueryType.ordinal()" because the return value of "hk.ust.comp3021.utils.Query.getType()" is null
	at hk.ust.comp3021.MiniMendeleyEngine.processQuery(MiniMendeleyEngine.java:660)
	at hk.ust.comp3021.MiniMendeleyEngine.lambda$processConcurrentQuery$14(MiniMendeleyEngine.java:648)
	at java.base/java.lang.Thread.run(Thread.java:833)
Exception in thread "Thread-257" java.lang.NullPointerException: Cannot invoke "hk.ust.comp3021.utils.Query$QueryType.ordinal()" because the return value of "hk.ust.comp3021.utils.Query.getType()" is null
	at hk.ust.comp3021.MiniMendeleyEngine.processQuery(MiniMendeleyEngine.java:660)
	at hk.ust.comp3021.MiniMendeleyEngine.lambda$processConcurrentQuery$14(MiniMendeleyEngine.java:648)
	at java.base/java.lang.Thread.run(Thread.java:833)
Exception in thread "Thread-258" java.lang.NullPointerException: Cannot invoke "hk.ust.comp3021.utils.Query$QueryType.ordinal()" because the return value of "hk.ust.comp3021.utils.Query.getType()" is null
	at hk.ust.comp3021.MiniMendeleyEngine.processQuery(MiniMendeleyEngine.java:660)
	at hk.ust.comp3021.MiniMendeleyEngine.lambda$processConcurrentQuery$14(MiniMendeleyEngine.java:648)
	at java.base/java.lang.Thread.run(Thread.java:833)
Exception in thread "Thread-73" java.lang.NullPointerException: Cannot invoke "hk.ust.comp3021.utils.Query$QueryType.ordinal()" because the return value of "hk.ust.comp3021.utils.Query.getType()" is null
	at hk.ust.comp3021.MiniMendeleyEngine.processQuery(MiniMendeleyEngine.java:660)
	at hk.ust.comp3021.MiniMendeleyEngine.lambda$processConcurrentQuery$14(MiniMendeleyEngine.java:648)
	at java.base/java.lang.Thread.run(Thread.java:833)
Exception in thread "Thread-72" java.lang.NullPointerException: Cannot invoke "hk.ust.comp3021.utils.Query$QueryType.ordinal()" because the return value of "hk.ust.comp3021.utils.Query.getType()" is null
	at hk.ust.comp3021.MiniMendeleyEngine.processQuery(MiniMendeleyEngine.java:660)
	at hk.ust.comp3021.MiniMendeleyEngine.lambda$processConcurrentQuery$14(MiniMendeleyEngine.java:648)
	at java.base/java.lang.Thread.run(Thread.java:833)
Exception in thread "Thread-260" java.lang.NullPointerException: Cannot invoke "hk.ust.comp3021.utils.Query$QueryType.ordinal()" because the return value of "hk.ust.comp3021.utils.Query.getType()" is null
	at hk.ust.comp3021.MiniMendeleyEngine.processQuery(MiniMendeleyEngine.java:660)
	at hk.ust.comp3021.MiniMendeleyEngine.lambda$processConcurrentQuery$14(MiniMendeleyEngine.java:648)
	at java.base/java.lang.Thread.run(Thread.java:833)
Exception in thread "Thread-71" java.lang.NullPointerException: Cannot invoke "hk.ust.comp3021.utils.Query$QueryType.ordinal()" because the return value of "hk.ust.comp3021.utils.Query.getType()" is null
	at hk.ust.comp3021.MiniMendeleyEngine.processQuery(MiniMendeleyEngine.java:660)
	at hk.ust.comp3021.MiniMendeleyEngine.lambda$processConcurrentQuery$14(MiniMendeleyEngine.java:648)
	at java.base/java.lang.Thread.run(Thread.java:833)
Exception in thread "Thread-69" java.lang.NullPointerException: Cannot invoke "hk.ust.comp3021.utils.Query$QueryType.ordinal()" because the return value of "hk.ust.comp3021.utils.Query.getType()" is null
	at hk.ust.comp3021.MiniMendeleyEngine.processQuery(MiniMendeleyEngine.java:660)
	at hk.ust.comp3021.MiniMendeleyEngine.lambda$processConcurrentQuery$14(MiniMendeleyEngine.java:648)
	at java.base/java.lang.Thread.run(Thread.java:833)
Exception in thread "Thread-262" java.lang.NullPointerException: Cannot invoke "hk.ust.comp3021.utils.Query$QueryType.ordinal()" because the return value of "hk.ust.comp3021.utils.Query.getType()" is null
	at hk.ust.comp3021.MiniMendeleyEngine.processQuery(MiniMendeleyEngine.java:660)
	at hk.ust.comp3021.MiniMendeleyEngine.lambda$processConcurrentQuery$14(MiniMendeleyEngine.java:648)
	at java.base/java.lang.Thread.run(Thread.java:833)
Exception in thread "Thread-67" java.lang.NullPointerException: Cannot invoke "hk.ust.comp3021.utils.Query$QueryType.ordinal()" because the return value of "hk.ust.comp3021.utils.Query.getType()" is null
	at hk.ust.comp3021.MiniMendeleyEngine.processQuery(MiniMendeleyEngine.java:660)
	at hk.ust.comp3021.MiniMendeleyEngine.lambda$processConcurrentQuery$14(MiniMendeleyEngine.java:648)
	at java.base/java.lang.Thread.run(Thread.java:833)
Exception in thread "Thread-65" java.lang.NullPointerException: Cannot invoke "hk.ust.comp3021.utils.Query$QueryType.ordinal()" because the return value of "hk.ust.comp3021.utils.Query.getType()" is null
	at hk.ust.comp3021.MiniMendeleyEngine.processQuery(MiniMendeleyEngine.java:660)
	at hk.ust.comp3021.MiniMendeleyEngine.lambda$processConcurrentQuery$14(MiniMendeleyEngine.java:648)
	at java.base/java.lang.Thread.run(Thread.java:833)
Exception in thread "Thread-66" java.lang.NullPointerException: Cannot invoke "hk.ust.comp3021.utils.Query$QueryType.ordinal()" because the return value of "hk.ust.comp3021.utils.Query.getType()" is null
	at hk.ust.comp3021.MiniMendeleyEngine.processQuery(MiniMendeleyEngine.java:660)
	at hk.ust.comp3021.MiniMendeleyEngine.lambda$processConcurrentQuery$14(MiniMendeleyEngine.java:648)
	at java.base/java.lang.Thread.run(Thread.java:833)
Exception in thread "Thread-63" java.lang.NullPointerException: Cannot invoke "hk.ust.comp3021.utils.Query$QueryType.ordinal()" because the return value of "hk.ust.comp3021.utils.Query.getType()" is null
	at hk.ust.comp3021.MiniMendeleyEngine.processQuery(MiniMendeleyEngine.java:660)
	at hk.ust.comp3021.MiniMendeleyEngine.lambda$processConcurrentQuery$14(MiniMendeleyEngine.java:648)
	at java.base/java.lang.Thread.run(Thread.java:833)
Exception in thread "Thread-265" java.lang.NullPointerException: Cannot invoke "hk.ust.comp3021.utils.Query$QueryType.ordinal()" because the return value of "hk.ust.comp3021.utils.Query.getType()" is null
	at hk.ust.comp3021.MiniMendeleyEngine.processQuery(MiniMendeleyEngine.java:660)
	at hk.ust.comp3021.MiniMendeleyEngine.lambda$processConcurrentQuery$14(MiniMendeleyEngine.java:648)
	at java.base/java.lang.Thread.run(Thread.java:833)
Exception in thread "Thread-62" java.lang.NullPointerException: Cannot invoke "hk.ust.comp3021.utils.Query$QueryType.ordinal()" because the return value of "hk.ust.comp3021.utils.Query.getType()" is null
	at hk.ust.comp3021.MiniMendeleyEngine.processQuery(MiniMendeleyEngine.java:660)
	at hk.ust.comp3021.MiniMendeleyEngine.lambda$processConcurrentQuery$14(MiniMendeleyEngine.java:648)
	at java.base/java.lang.Thread.run(Thread.java:833)
Exception in thread "Thread-266" java.lang.NullPointerException: Cannot invoke "hk.ust.comp3021.utils.Query$QueryType.ordinal()" because the return value of "hk.ust.comp3021.utils.Query.getType()" is null
	at hk.ust.comp3021.MiniMendeleyEngine.processQuery(MiniMendeleyEngine.java:660)
	at hk.ust.comp3021.MiniMendeleyEngine.lambda$processConcurrentQuery$14(MiniMendeleyEngine.java:648)
	at java.base/java.lang.Thread.run(Thread.java:833)
Exception in thread "Thread-61" java.lang.NullPointerException: Cannot invoke "hk.ust.comp3021.utils.Query$QueryType.ordinal()" because the return value of "hk.ust.comp3021.utils.Query.getType()" is null
	at hk.ust.comp3021.MiniMendeleyEngine.processQuery(MiniMendeleyEngine.java:660)
	at hk.ust.comp3021.MiniMendeleyEngine.lambda$processConcurrentQuery$14(MiniMendeleyEngine.java:648)
	at java.base/java.lang.Thread.run(Thread.java:833)
Exception in thread "Thread-267" java.lang.NullPointerException: Cannot invoke "hk.ust.comp3021.utils.Query$QueryType.ordinal()" because the return value of "hk.ust.comp3021.utils.Query.getType()" is null
	at hk.ust.comp3021.MiniMendeleyEngine.processQuery(MiniMendeleyEngine.java:660)
	at hk.ust.comp3021.MiniMendeleyEngine.lambda$processConcurrentQuery$14(MiniMendeleyEngine.java:648)
	at java.base/java.lang.Thread.run(Thread.java:833)
Exception in thread "Thread-59" java.lang.NullPointerException: Cannot invoke "hk.ust.comp3021.utils.Query$QueryType.ordinal()" because the return value of "hk.ust.comp3021.utils.Query.getType()" is null
	at hk.ust.comp3021.MiniMendeleyEngine.processQuery(MiniMendeleyEngine.java:660)
	at hk.ust.comp3021.MiniMendeleyEngine.lambda$processConcurrentQuery$14(MiniMendeleyEngine.java:648)
	at java.base/java.lang.Thread.run(Thread.java:833)
Exception in thread "Thread-58" java.lang.NullPointerException: Cannot invoke "hk.ust.comp3021.utils.Query$QueryType.ordinal()" because the return value of "hk.ust.comp3021.utils.Query.getType()" is null
	at hk.ust.comp3021.MiniMendeleyEngine.processQuery(MiniMendeleyEngine.java:660)
	at hk.ust.comp3021.MiniMendeleyEngine.lambda$processConcurrentQuery$14(MiniMendeleyEngine.java:648)
	at java.base/java.lang.Thread.run(Thread.java:833)
Exception in thread "Thread-268" java.lang.NullPointerException: Cannot invoke "hk.ust.comp3021.utils.Query$QueryType.ordinal()" because the return value of "hk.ust.comp3021.utils.Query.getType()" is null
	at hk.ust.comp3021.MiniMendeleyEngine.processQuery(MiniMendeleyEngine.java:660)
	at hk.ust.comp3021.MiniMendeleyEngine.lambda$processConcurrentQuery$14(MiniMendeleyEngine.java:648)
	at java.base/java.lang.Thread.run(Thread.java:833)
Exception in thread "Thread-57" java.lang.NullPointerException: Cannot invoke "hk.ust.comp3021.utils.Query$QueryType.ordinal()" because the return value of "hk.ust.comp3021.utils.Query.getType()" is null
	at hk.ust.comp3021.MiniMendeleyEngine.processQuery(MiniMendeleyEngine.java:660)
	at hk.ust.comp3021.MiniMendeleyEngine.lambda$processConcurrentQuery$14(MiniMendeleyEngine.java:648)
	at java.base/java.lang.Thread.run(Thread.java:833)
Exception in thread "Thread-270" java.lang.NullPointerException: Cannot invoke "hk.ust.comp3021.utils.Query$QueryType.ordinal()" because the return value of "hk.ust.comp3021.utils.Query.getType()" is null
	at hk.ust.comp3021.MiniMendeleyEngine.processQuery(MiniMendeleyEngine.java:660)
	at hk.ust.comp3021.MiniMendeleyEngine.lambda$processConcurrentQuery$14(MiniMendeleyEngine.java:648)
	at java.base/java.lang.Thread.run(Thread.java:833)
Exception in thread "Thread-272" java.lang.NullPointerException: Cannot invoke "hk.ust.comp3021.utils.Query$QueryType.ordinal()" because the return value of "hk.ust.comp3021.utils.Query.getType()" is null
	at hk.ust.comp3021.MiniMendeleyEngine.processQuery(MiniMendeleyEngine.java:660)
	at hk.ust.comp3021.MiniMendeleyEngine.lambda$processConcurrentQuery$14(MiniMendeleyEngine.java:648)
	at java.base/java.lang.Thread.run(Thread.java:833)
Exception in thread "Thread-273" java.lang.NullPointerException: Cannot invoke "hk.ust.comp3021.utils.Query$QueryType.ordinal()" because the return value of "hk.ust.comp3021.utils.Query.getType()" is null
	at hk.ust.comp3021.MiniMendeleyEngine.processQuery(MiniMendeleyEngine.java:660)
	at hk.ust.comp3021.MiniMendeleyEngine.lambda$processConcurrentQuery$14(MiniMendeleyEngine.java:648)
	at java.base/java.lang.Thread.run(Thread.java:833)
[...]
	at hk.ust.comp3021.MiniMendeleyEngine.lambda$processConcurrentQuery$14(MiniMendeleyEngine.java:648)
	at java.base/java.lang.Thread.run(Thread.java:833)
Exception in thread "Thread-848" java.lang.NullPointerException: Cannot invoke "hk.ust.comp3021.utils.Query$QueryType.ordinal()" because the return value of "hk.ust.comp3021.utils.Query.getType()" is null
	at hk.ust.comp3021.MiniMendeleyEngine.processQuery(MiniMendeleyEngine.java:660)
	at hk.ust.comp3021.MiniMendeleyEngine.lambda$processConcurrentQuery$14(MiniMendeleyEngine.java:648)
	at java.base/java.lang.Thread.run(Thread.java:833)
Exception in thread "Thread-849" java.lang.NullPointerException: Cannot invoke "hk.ust.comp3021.utils.Query$QueryType.ordinal()" because the return value of "hk.ust.comp3021.utils.Query.getType()" is null
	at hk.ust.comp3021.MiniMendeleyEngine.processQuery(MiniMendeleyEngine.java:660)
	at hk.ust.comp3021.MiniMendeleyEngine.lambda$processConcurrentQuery$14(MiniMendeleyEngine.java:648)
	at java.base/java.lang.Thread.run(Thread.java:833)
Exception in thread "Thread-850" java.lang.NullPointerException: Cannot invoke "hk.ust.comp3021.utils.Query$QueryType.ordinal()" because the return value of "hk.ust.comp3021.utils.Query.getType()" is null
	at hk.ust.comp3021.MiniMendeleyEngine.processQuery(MiniMendeleyEngine.java:660)
	at hk.ust.comp3021.MiniMendeleyEngine.lambda$processConcurrentQuery$14(MiniMendeleyEngine.java:648)
	at java.base/java.lang.Thread.run(Thread.java:833)
Exception in thread "Thread-851" java.lang.NullPointerException: Cannot invoke "hk.ust.comp3021.utils.Query$QueryType.ordinal()" because the return value of "hk.ust.comp3021.utils.Query.getType()" is null
	at hk.ust.comp3021.MiniMendeleyEngine.processQuery(MiniMendeleyEngine.java:660)
	at hk.ust.comp3021.MiniMendeleyEngine.lambda$processConcurrentQuery$14(MiniMendeleyEngine.java:648)
	at java.base/java.lang.Thread.run(Thread.java:833)
Exception in thread "Thread-852" java.lang.NullPointerException: Cannot invoke "hk.ust.comp3021.utils.Query$QueryType.ordinal()" because the return value of "hk.ust.comp3021.utils.Query.getType()" is null
	at hk.ust.comp3021.MiniMendeleyEngine.processQuery(MiniMendeleyEngine.java:660)
	at hk.ust.comp3021.MiniMendeleyEngine.lambda$processConcurrentQuery$14(MiniMendeleyEngine.java:648)
	at java.base/java.lang.Thread.run(Thread.java:833)
Exception in thread "Thread-853" java.lang.NullPointerException: Cannot invoke "hk.ust.comp3021.utils.Query$QueryType.ordinal()" because the return value of "hk.ust.comp3021.utils.Query.getType()" is null
	at hk.ust.comp3021.MiniMendeleyEngine.processQuery(MiniMendeleyEngine.java:660)
	at hk.ust.comp3021.MiniMendeleyEngine.lambda$processConcurrentQuery$14(MiniMendeleyEngine.java:648)
	at java.base/java.lang.Thread.run(Thread.java:833)
Exception in thread "Thread-854" java.lang.NullPointerException: Cannot invoke "hk.ust.comp3021.utils.Query$QueryType.ordinal()" because the return value of "hk.ust.comp3021.utils.Query.getType()" is null
	at hk.ust.comp3021.MiniMendeleyEngine.processQuery(MiniMendeleyEngine.java:660)
	at hk.ust.comp3021.MiniMendeleyEngine.lambda$processConcurrentQuery$14(MiniMendeleyEngine.java:648)
	at java.base/java.lang.Thread.run(Thread.java:833)
Exception in thread "Thread-855" java.lang.NullPointerException: Cannot invoke "hk.ust.comp3021.utils.Query$QueryType.ordinal()" because the return value of "hk.ust.comp3021.utils.Query.getType()" is null
	at hk.ust.comp3021.MiniMendeleyEngine.processQuery(MiniMendeleyEngine.java:660)
	at hk.ust.comp3021.MiniMendeleyEngine.lambda$processConcurrentQuery$14(MiniMendeleyEngine.java:648)
	at java.base/java.lang.Thread.run(Thread.java:833)
Exception in thread "Thread-856" java.lang.NullPointerException: Cannot invoke "hk.ust.comp3021.utils.Query$QueryType.ordinal()" because the return value of "hk.ust.comp3021.utils.Query.getType()" is null
	at hk.ust.comp3021.MiniMendeleyEngine.processQuery(MiniMendeleyEngine.java:660)
	at hk.ust.comp3021.MiniMendeleyEngine.lambda$processConcurrentQuery$14(MiniMendeleyEngine.java:648)
	at java.base/java.lang.Thread.run(Thread.java:833)
Exception in thread "Thread-857" java.lang.NullPointerException: Cannot invoke "hk.ust.comp3021.utils.Query$QueryType.ordinal()" because the return value of "hk.ust.comp3021.utils.Query.getType()" is null
	at hk.ust.comp3021.MiniMendeleyEngine.processQuery(MiniMendeleyEngine.java:660)
	at hk.ust.comp3021.MiniMendeleyEngine.lambda$processConcurrentQuery$14(MiniMendeleyEngine.java:648)
	at java.base/java.lang.Thread.run(Thread.java:833)
Exception in thread "Thread-858" java.lang.NullPointerException: Cannot invoke "hk.ust.comp3021.utils.Query$QueryType.ordinal()" because the return value of "hk.ust.comp3021.utils.Query.getType()" is null
	at hk.ust.comp3021.MiniMendeleyEngine.processQuery(MiniMendeleyEngine.java:660)
	at hk.ust.comp3021.MiniMendeleyEngine.lambda$processConcurrentQuery$14(MiniMendeleyEngine.java:648)
	at java.base/java.lang.Thread.run(Thread.java:833)
Exception in thread "Thread-859" java.lang.NullPointerException: Cannot invoke "hk.ust.comp3021.utils.Query$QueryType.ordinal()" because the return value of "hk.ust.comp3021.utils.Query.getType()" is null
	at hk.ust.comp3021.MiniMendeleyEngine.processQuery(MiniMendeleyEngine.java:660)
	at hk.ust.comp3021.MiniMendeleyEngine.lambda$processConcurrentQuery$14(MiniMendeleyEngine.java:648)
	at java.base/java.lang.Thread.run(Thread.java:833)
Exception in thread "Thread-860" java.lang.NullPointerException: Cannot invoke "hk.ust.comp3021.utils.Query$QueryType.ordinal()" because the return value of "hk.ust.comp3021.utils.Query.getType()" is null
	at hk.ust.comp3021.MiniMendeleyEngine.processQuery(MiniMendeleyEngine.java:660)
	at hk.ust.comp3021.MiniMendeleyEngine.lambda$processConcurrentQuery$14(MiniMendeleyEngine.java:648)
	at java.base/java.lang.Thread.run(Thread.java:833)
Exception in thread "Thread-861" java.lang.NullPointerException: Cannot invoke "hk.ust.comp3021.utils.Query$QueryType.ordinal()" because the return value of "hk.ust.comp3021.utils.Query.getType()" is null
	at hk.ust.comp3021.MiniMendeleyEngine.processQuery(MiniMendeleyEngine.java:660)
	at hk.ust.comp3021.MiniMendeleyEngine.lambda$processConcurrentQuery$14(MiniMendeleyEngine.java:648)
	at java.base/java.lang.Thread.run(Thread.java:833)
Exception in thread "Thread-862" java.lang.NullPointerException: Cannot invoke "hk.ust.comp3021.utils.Query$QueryType.ordinal()" because the return value of "hk.ust.comp3021.utils.Query.getType()" is null
	at hk.ust.comp3021.MiniMendeleyEngine.processQuery(MiniMendeleyEngine.java:660)
	at hk.ust.comp3021.MiniMendeleyEngine.lambda$processConcurrentQuery$14(MiniMendeleyEngine.java:648)
	at java.base/java.lang.Thread.run(Thread.java:833)
Exception in thread "Thread-863" java.lang.NullPointerException: Cannot invoke "hk.ust.comp3021.utils.Query$QueryType.ordinal()" because the return value of "hk.ust.comp3021.utils.Query.getType()" is null
	at hk.ust.comp3021.MiniMendeleyEngine.processQuery(MiniMendeleyEngine.java:660)
	at hk.ust.comp3021.MiniMendeleyEngine.lambda$processConcurrentQuery$14(MiniMendeleyEngine.java:648)
	at java.base/java.lang.Thread.run(Thread.java:833)
Exception in thread "Thread-864" java.lang.NullPointerException: Cannot invoke "hk.ust.comp3021.utils.Query$QueryType.ordinal()" because the return value of "hk.ust.comp3021.utils.Query.getType()" is null
	at hk.ust.comp3021.MiniMendeleyEngine.processQuery(MiniMendeleyEngine.java:660)
	at hk.ust.comp3021.MiniMendeleyEngine.lambda$processConcurrentQuery$14(MiniMendeleyEngine.java:648)
	at java.base/java.lang.Thread.run(Thread.java:833)
Exception in thread "Thread-865" java.lang.NullPointerException: Cannot invoke "hk.ust.comp3021.utils.Query$QueryType.ordinal()" because the return value of "hk.ust.comp3021.utils.Query.getType()" is null
	at hk.ust.comp3021.MiniMendeleyEngine.processQuery(MiniMendeleyEngine.java:660)
	at hk.ust.comp3021.MiniMendeleyEngine.lambda$processConcurrentQuery$14(MiniMendeleyEngine.java:648)
	at java.base/java.lang.Thread.run(Thread.java:833)
Exception in thread "Thread-866" java.lang.NullPointerException: Cannot invoke "hk.ust.comp3021.utils.Query$QueryType.ordinal()" because the return value of "hk.ust.comp3021.utils.Query.getType()" is null
	at hk.ust.comp3021.MiniMendeleyEngine.processQuery(MiniMendeleyEngine.java:660)
	at hk.ust.comp3021.MiniMendeleyEngine.lambda$processConcurrentQuery$14(MiniMendeleyEngine.java:648)
	at java.base/java.lang.Thread.run(Thread.java:833)
Exception in thread "Thread-867" java.lang.NullPointerException: Cannot invoke "hk.ust.comp3021.utils.Query$QueryType.ordinal()" because the return value of "hk.ust.comp3021.utils.Query.getType()" is null
	at hk.ust.comp3021.MiniMendeleyEngine.processQuery(MiniMendeleyEngine.java:660)
	at hk.ust.comp3021.MiniMendeleyEngine.lambda$processConcurrentQuery$14(MiniMendeleyEngine.java:648)
	at java.base/java.lang.Thread.run(Thread.java:833)
Exception in thread "Thread-868" java.lang.NullPointerException: Cannot invoke "hk.ust.comp3021.utils.Query$QueryType.ordinal()" because the return value of "hk.ust.comp3021.utils.Query.getType()" is null
	at hk.ust.comp3021.MiniMendeleyEngine.processQuery(MiniMendeleyEngine.java:660)
	at hk.ust.comp3021.MiniMendeleyEngine.lambda$processConcurrentQuery$14(MiniMendeleyEngine.java:648)
	at java.base/java.lang.Thread.run(Thread.java:833)
Exception in thread "Thread-869" java.lang.NullPointerException: Cannot invoke "hk.ust.comp3021.utils.Query$QueryType.ordinal()" because the return value of "hk.ust.comp3021.utils.Query.getType()" is null
	at hk.ust.comp3021.MiniMendeleyEngine.processQuery(MiniMendeleyEngine.java:660)
	at hk.ust.comp3021.MiniMendeleyEngine.lambda$processConcurrentQuery$14(MiniMendeleyEngine.java:648)
	at java.base/java.lang.Thread.run(Thread.java:833)
Exception in thread "Thread-870" java.lang.NullPointerException: Cannot invoke "hk.ust.comp3021.utils.Query$QueryType.ordinal()" because the return value of "hk.ust.comp3021.utils.Query.getType()" is null
	at hk.ust.comp3021.MiniMendeleyEngine.processQuery(MiniMendeleyEngine.java:660)
	at hk.ust.comp3021.MiniMendeleyEngine.lambda$processConcurrentQuery$14(MiniMendeleyEngine.java:648)
	at java.base/java.lang.Thread.run(Thread.java:833)
Exception in thread "Thread-871" java.lang.NullPointerException: Cannot invoke "hk.ust.comp3021.utils.Query$QueryType.ordinal()" because the return value of "hk.ust.comp3021.utils.Query.getType()" is null
	at hk.ust.comp3021.MiniMendeleyEngine.processQuery(MiniMendeleyEngine.java:660)
	at hk.ust.comp3021.MiniMendeleyEngine.lambda$processConcurrentQuery$14(MiniMendeleyEngine.java:648)
	at java.base/java.lang.Thread.run(Thread.java:833)
Exception in thread "Thread-872" java.lang.NullPointerException: Cannot invoke "hk.ust.comp3021.utils.Query$QueryType.ordinal()" because the return value of "hk.ust.comp3021.utils.Query.getType()" is null
	at hk.ust.comp3021.MiniMendeleyEngine.processQuery(MiniMendeleyEngine.java:660)
	at hk.ust.comp3021.MiniMendeleyEngine.lambda$processConcurrentQuery$14(MiniMendeleyEngine.java:648)
	at java.base/java.lang.Thread.run(Thread.java:833)
Exception in thread "Thread-873" java.lang.NullPointerException: Cannot invoke "hk.ust.comp3021.utils.Query$QueryType.ordinal()" because the return value of "hk.ust.comp3021.utils.Query.getType()" is null
	at hk.ust.comp3021.MiniMendeleyEngine.processQuery(MiniMendeleyEngine.java:660)
	at hk.ust.comp3021.MiniMendeleyEngine.lambda$processConcurrentQuery$14(MiniMendeleyEngine.java:648)
	at java.base/java.lang.Thread.run(Thread.java:833)
Exception in thread "Thread-874" java.lang.NullPointerException: Cannot invoke "hk.ust.comp3021.utils.Query$QueryType.ordinal()" because the return value of "hk.ust.comp3021.utils.Query.getType()" is null
	at hk.ust.comp3021.MiniMendeleyEngine.processQuery(MiniMendeleyEngine.java:660)
	at hk.ust.comp3021.MiniMendeleyEngine.lambda$processConcurrentQuery$14(MiniMendeleyEngine.java:648)
	at java.base/java.lang.Thread.run(Thread.java:833)
Exception in thread "Thread-875" java.lang.NullPointerException: Cannot invoke "hk.ust.comp3021.utils.Query$QueryType.ordinal()" because the return value of "hk.ust.comp3021.utils.Query.getType()" is null
	at hk.ust.comp3021.MiniMendeleyEngine.processQuery(MiniMendeleyEngine.java:660)
	at hk.ust.comp3021.MiniMendeleyEngine.lambda$processConcurrentQuery$14(MiniMendeleyEngine.java:648)
	at java.base/java.lang.Thread.run(Thread.java:833)
Exception in thread "Thread-876" java.lang.NullPointerException: Cannot invoke "hk.ust.comp3021.utils.Query$QueryType.ordinal()" because the return value of "hk.ust.comp3021.utils.Query.getType()" is null
	at hk.ust.comp3021.MiniMendeleyEngine.processQuery(MiniMendeleyEngine.java:660)
	at hk.ust.comp3021.MiniMendeleyEngine.lambda$processConcurrentQuery$14(MiniMendeleyEngine.java:648)
	at java.base/java.lang.Thread.run(Thread.java:833)
Exception in thread "Thread-877" java.lang.NullPointerException: Cannot invoke "hk.ust.comp3021.utils.Query$QueryType.ordinal()" because the return value of "hk.ust.comp3021.utils.Query.getType()" is null
	at hk.ust.comp3021.MiniMendeleyEngine.processQuery(MiniMendeleyEngine.java:660)
	at hk.ust.comp3021.MiniMendeleyEngine.lambda$processConcurrentQuery$14(MiniMendeleyEngine.java:648)
	at java.base/java.lang.Thread.run(Thread.java:833)
Exception in thread "Thread-878" java.lang.NullPointerException: Cannot invoke "hk.ust.comp3021.utils.Query$QueryType.ordinal()" because the return value of "hk.ust.comp3021.utils.Query.getType()" is null
	at hk.ust.comp3021.MiniMendeleyEngine.processQuery(MiniMendeleyEngine.java:660)
	at hk.ust.comp3021.MiniMendeleyEngine.lambda$processConcurrentQuery$14(MiniMendeleyEngine.java:648)
	at java.base/java.lang.Thread.run(Thread.java:833)
Exception in thread "Thread-879" java.lang.NullPointerException: Cannot invoke "hk.ust.comp3021.utils.Query$QueryType.ordinal()" because the return value of "hk.ust.comp3021.utils.Query.getType()" is null
	at hk.ust.comp3021.MiniMendeleyEngine.processQuery(MiniMendeleyEngine.java:660)
	at hk.ust.comp3021.MiniMendeleyEngine.lambda$processConcurrentQuery$14(MiniMendeleyEngine.java:648)
	at java.base/java.lang.Thread.run(Thread.java:833)
Exception in thread "Thread-880" java.lang.NullPointerException: Cannot invoke "hk.ust.comp3021.utils.Query$QueryType.ordinal()" because the return value of "hk.ust.comp3021.utils.Query.getType()" is null
	at hk.ust.comp3021.MiniMendeleyEngine.processQuery(MiniMendeleyEngine.java:660)
	at hk.ust.comp3021.MiniMendeleyEngine.lambda$processConcurrentQuery$14(MiniMendeleyEngine.java:648)
	at java.base/java.lang.Thread.run(Thread.java:833)
Exception in thread "Thread-881" java.lang.NullPointerException: Cannot invoke "hk.ust.comp3021.utils.Query$QueryType.ordinal()" because the return value of "hk.ust.comp3021.utils.Query.getType()" is null
	at hk.ust.comp3021.MiniMendeleyEngine.processQuery(MiniMendeleyEngine.java:660)
	at hk.ust.comp3021.MiniMendeleyEngine.lambda$processConcurrentQuery$14(MiniMendeleyEngine.java:648)
	at java.base/java.lang.Thread.run(Thread.java:833)
Exception in thread "Thread-882" java.lang.NullPointerException: Cannot invoke "hk.ust.comp3021.utils.Query$QueryType.ordinal()" because the return value of "hk.ust.comp3021.utils.Query.getType()" is null
	at hk.ust.comp3021.MiniMendeleyEngine.processQuery(MiniMendeleyEngine.java:660)
	at hk.ust.comp3021.MiniMendeleyEngine.lambda$processConcurrentQuery$14(MiniMendeleyEngine.java:648)
	at java.base/java.lang.Thread.run(Thread.java:833)
Exception in thread "Thread-883" java.lang.NullPointerException: Cannot invoke "hk.ust.comp3021.utils.Query$QueryType.ordinal()" because the return value of "hk.ust.comp3021.utils.Query.getType()" is null
	at hk.ust.comp3021.MiniMendeleyEngine.processQuery(MiniMendeleyEngine.java:660)
	at hk.ust.comp3021.MiniMendeleyEngine.lambda$processConcurrentQuery$14(MiniMendeleyEngine.java:648)
	at java.base/java.lang.Thread.run(Thread.java:833)
Exception in thread "Thread-884" java.lang.NullPointerException: Cannot invoke "hk.ust.comp3021.utils.Query$QueryType.ordinal()" because the return value of "hk.ust.comp3021.utils.Query.getType()" is null
	at hk.ust.comp3021.MiniMendeleyEngine.processQuery(MiniMendeleyEngine.java:660)
	at hk.ust.comp3021.MiniMendeleyEngine.lambda$processConcurrentQuery$14(MiniMendeleyEngine.java:648)
	at java.base/java.lang.Thread.run(Thread.java:833)
Exception in thread "Thread-885" java.lang.NullPointerException: Cannot invoke "hk.ust.comp3021.utils.Query$QueryType.ordinal()" because the return value of "hk.ust.comp3021.utils.Query.getType()" is null
	at hk.ust.comp3021.MiniMendeleyEngine.processQuery(MiniMendeleyEngine.java:660)
	at hk.ust.comp3021.MiniMendeleyEngine.lambda$processConcurrentQuery$14(MiniMendeleyEngine.java:648)
	at java.base/java.lang.Thread.run(Thread.java:833)
Exception in thread "Thread-886" java.lang.NullPointerException: Cannot invoke "hk.ust.comp3021.utils.Query$QueryType.ordinal()" because the return value of "hk.ust.comp3021.utils.Query.getType()" is null
	at hk.ust.comp3021.MiniMendeleyEngine.processQuery(MiniMendeleyEngine.java:660)
	at hk.ust.comp3021.MiniMendeleyEngine.lambda$processConcurrentQuery$14(MiniMendeleyEngine.java:648)
	at java.base/java.lang.Thread.run(Thread.java:833)
Exception in thread "Thread-887" java.lang.NullPointerException: Cannot invoke "hk.ust.comp3021.utils.Query$QueryType.ordinal()" because the return value of "hk.ust.comp3021.utils.Query.getType()" is null
	at hk.ust.comp3021.MiniMendeleyEngine.processQuery(MiniMendeleyEngine.java:660)
	at hk.ust.comp3021.MiniMendeleyEngine.lambda$processConcurrentQuery$14(MiniMendeleyEngine.java:648)
	at java.base/java.lang.Thread.run(Thread.java:833)
Exception in thread "Thread-888" java.lang.NullPointerException: Cannot invoke "hk.ust.comp3021.utils.Query$QueryType.ordinal()" because the return value of "hk.ust.comp3021.utils.Query.getType()" is null
	at hk.ust.comp3021.MiniMendeleyEngine.processQuery(MiniMendeleyEngine.java:660)
	at hk.ust.comp3021.MiniMendeleyEngine.lambda$processConcurrentQuery$14(MiniMendeleyEngine.java:648)
	at java.base/java.lang.Thread.run(Thread.java:833)
Exception in thread "Thread-889" java.lang.NullPointerException: Cannot invoke "hk.ust.comp3021.utils.Query$QueryType.ordinal()" because the return value of "hk.ust.comp3021.utils.Query.getType()" is null
	at hk.ust.comp3021.MiniMendeleyEngine.processQuery(MiniMendeleyEngine.java:660)
	at hk.ust.comp3021.MiniMendeleyEngine.lambda$processConcurrentQuery$14(MiniMendeleyEngine.java:648)
	at java.base/java.lang.Thread.run(Thread.java:833)
Exception in thread "Thread-890" java.lang.NullPointerException: Cannot invoke "hk.ust.comp3021.utils.Query$QueryType.ordinal()" because the return value of "hk.ust.comp3021.utils.Query.getType()" is null
	at hk.ust.comp3021.MiniMendeleyEngine.processQuery(MiniMendeleyEngine.java:660)
	at hk.ust.comp3021.MiniMendeleyEngine.lambda$processConcurrentQuery$14(MiniMendeleyEngine.java:648)
	at java.base/java.lang.Thread.run(Thread.java:833)
Exception in thread "Thread-891" java.lang.NullPointerException: Cannot invoke "hk.ust.comp3021.utils.Query$QueryType.ordinal()" because the return value of "hk.ust.comp3021.utils.Query.getType()" is null
	at hk.ust.comp3021.MiniMendeleyEngine.processQuery(MiniMendeleyEngine.java:660)
	at hk.ust.comp3021.MiniMendeleyEngine.lambda$processConcurrentQuery$14(MiniMendeleyEngine.java:648)
	at java.base/java.lang.Thread.run(Thread.java:833)
Exception in thread "Thread-892" java.lang.NullPointerException: Cannot invoke "hk.ust.comp3021.utils.Query$QueryType.ordinal()" because the return value of "hk.ust.comp3021.utils.Query.getType()" is null
	at hk.ust.comp3021.MiniMendeleyEngine.processQuery(MiniMendeleyEngine.java:660)
	at hk.ust.comp3021.MiniMendeleyEngine.lambda$processConcurrentQuery$14(MiniMendeleyEngine.java:648)
	at java.base/java.lang.Thread.run(Thread.java:833)
]]></system-err>
</testsuite>
